#
# There is insufficient memory for the Java Runtime Environment to continue.
# Native memory allocation (malloc) failed to allocate 668176 bytes for Chunk::new
# Possible reasons:
#   The system is out of physical RAM or swap space
#   In 32 bit mode, the process size limit was hit
# Possible solutions:
#   Reduce memory load on the system
#   Increase physical memory or swap space
#   Check if swap backing store is full
#   Use 64 bit Java on a 64 bit OS
#   Decrease Java heap size (-Xmx/-Xms)
#   Decrease number of Java threads
#   Decrease Java thread stack sizes (-Xss)
#   Set larger code cache with -XX:ReservedCodeCacheSize=
# This output file may be truncated or incomplete.
#
#  Out of Memory Error (allocation.cpp:390), pid=3236, tid=0x0000000000001b58
#
# JRE version: Java(TM) SE Runtime Environment (8.0_162-b12) (build 1.8.0_162-b12)
# Java VM: Java HotSpot(TM) 64-Bit Server VM (25.162-b12 mixed mode windows-amd64 compressed oops)
# Failed to write core dump. Minidumps are not enabled by default on client versions of Windows
#

---------------  T H R E A D  ---------------

Current thread (0x0000000016b8c000):  JavaThread "C2 CompilerThread0" daemon [_thread_in_native, id=7000, stack(0x0000000017a70000,0x0000000017b70000)]

Stack: [0x0000000017a70000,0x0000000017b70000]
[error occurred during error reporting (printing stack bounds), id 0xc0000005]

Native frames: (J=compiled Java code, j=interpreted, Vv=VM code, C=native code)


Current CompileTask:
C2: 443117 20498 %     4       com.sun.tools.javac.file.ZipFileIndex$ZipDirectory::readEntry @ 215 (587 bytes)


---------------  P R O C E S S  ---------------

Java Threads: ( => current thread )
  0x0000000019d25800 JavaThread "Cache worker for Java compile cache (F:\WorkSpace\smartEnjoy\.gradle\6.1.1\javaCompile)" [_thread_blocked, id=4672, stack(0x0000000027060000,0x0000000027160000)]
  0x0000000019d24800 JavaThread "RMI TCP Connection(8)-127.0.0.1" daemon [_thread_in_native, id=3820, stack(0x0000000026f60000,0x0000000027060000)]
  0x0000000019d23000 JavaThread "RMI TCP Connection(7)-127.0.0.1" daemon [_thread_in_native, id=3552, stack(0x0000000026e60000,0x0000000026f60000)]
  0x0000000019d21000 JavaThread "RMI RenewClean-[127.0.0.1:17353,org.jetbrains.kotlin.daemon.common.LoopbackNetworkInterface$ClientLoopbackSocketFactory@42172f07]" daemon [_thread_in_native, id=232, stack(0x0000000026d60000,0x0000000026e60000)]
  0x000000001a471800 JavaThread "stdout" [_thread_in_native, id=1644, stack(0x0000000026a60000,0x0000000026b60000)]
  0x000000001a46e000 JavaThread "stderr" [_thread_in_native, id=3020, stack(0x0000000026960000,0x0000000026a60000)]
  0x000000001a472000 JavaThread "stdout" [_thread_in_native, id=7888, stack(0x0000000026860000,0x0000000026960000)]
  0x000000001a475000 JavaThread "stderr" [_thread_in_native, id=2368, stack(0x0000000026760000,0x0000000026860000)]
  0x000000001a470800 JavaThread "pool-14-thread-1" [_thread_blocked, id=2672, stack(0x0000000026660000,0x0000000026760000)]
  0x000000001a46f000 JavaThread "WorkerExecutor Queue Thread 2" [_thread_blocked, id=7004, stack(0x0000000026560000,0x0000000026660000)]
  0x000000001a466800 JavaThread "WorkerExecutor Queue" [_thread_blocked, id=948, stack(0x0000000024090000,0x0000000024190000)]
  0x000000001a466000 JavaThread "Cache worker for execution history cache (F:\WorkSpace\smartEnjoy\.gradle\6.1.1\executionHistory)" [_thread_blocked, id=764, stack(0x0000000023690000,0x0000000023790000)]
  0x000000001a46c800 JavaThread "Execution worker for ':'" [_thread_in_native, id=4348, stack(0x0000000023290000,0x0000000023390000)]
  0x000000001a46a800 JavaThread "Cache worker for file content cache (F:\WorkSpace\smartEnjoy\.gradle\6.1.1\fileContent)" [_thread_blocked, id=4912, stack(0x0000000022d90000,0x0000000022e90000)]
  0x000000001882b000 JavaThread "Cache worker for Build Output Cleanup Cache (F:\WorkSpace\smartEnjoy\.gradle\buildOutputCleanup)" [_thread_blocked, id=8092, stack(0x0000000022a90000,0x0000000022b90000)]
  0x000000001882c800 JavaThread "Build operations Thread 2" [_thread_blocked, id=3852, stack(0x0000000021d90000,0x0000000021e90000)]
  0x0000000018829800 JavaThread "Build operations" [_thread_blocked, id=7332, stack(0x000000001fc60000,0x000000001fd60000)]
  0x000000001882f000 JavaThread "Cache worker for cache directory md-rule (C:\Users\Administrator\.gradle\caches\6.1.1\md-rule)" [_thread_blocked, id=5260, stack(0x000000001d690000,0x000000001d790000)]
  0x000000001882a800 JavaThread "Cache worker for cache directory md-supplier (C:\Users\Administrator\.gradle\caches\6.1.1\md-supplier)" [_thread_blocked, id=7708, stack(0x000000001d590000,0x000000001d690000)]
  0x000000001882e000 JavaThread "Cache worker for file hash cache (F:\WorkSpace\smartEnjoy\.gradle\6.1.1\fileHashes)" [_thread_blocked, id=4732, stack(0x000000001b7c0000,0x000000001b8c0000)]
  0x000000001882c000 JavaThread "Cache worker for checksums cache (F:\WorkSpace\smartEnjoy\.gradle\checksums)" [_thread_blocked, id=8152, stack(0x000000001b6c0000,0x000000001b7c0000)]
  0x0000000018822000 JavaThread "Thread-88" [_thread_blocked, id=7480, stack(0x000000001b5c0000,0x000000001b6c0000)]
  0x0000000018828000 JavaThread "Stdin handler" [_thread_blocked, id=7704, stack(0x000000001b4c0000,0x000000001b5c0000)]
  0x0000000018823000 JavaThread "Asynchronous log dispatcher for DefaultDaemonConnection: socket connection from /127.0.0.1:60332 to /127.0.0.1:61052" [_thread_blocked, id=6852, stack(0x000000001b3c0000,0x000000001b4c0000)]
  0x0000000018827800 JavaThread "Daemon worker Thread 4" [_thread_blocked, id=7232, stack(0x000000001b0c0000,0x000000001b1c0000)]
  0x0000000018820000 JavaThread "Cancel handler" [_thread_blocked, id=8096, stack(0x000000001afc0000,0x000000001b0c0000)]
  0x0000000018826800 JavaThread "Handler for socket connection from /127.0.0.1:60332 to /127.0.0.1:61052" [_thread_in_native, id=4580, stack(0x0000000001490000,0x0000000001590000)]
  0x0000000018821800 JavaThread "Daemon Thread 4" [_thread_blocked, id=7248, stack(0x0000000001390000,0x0000000001490000)]
  0x0000000018824800 JavaThread "Cache worker for Java compile cache (C:\Users\Administrator\.gradle\caches\6.1.1\javaCompile)" [_thread_blocked, id=8068, stack(0x0000000023f90000,0x0000000024090000)]
  0x0000000018826000 JavaThread "RMI Reaper" [_thread_blocked, id=2876, stack(0x0000000023990000,0x0000000023a90000)]
  0x0000000018825000 JavaThread "RMI TCP Accept-0" daemon [_thread_in_native, id=4984, stack(0x0000000023890000,0x0000000023990000)]
  0x0000000018823800 JavaThread "GC Daemon" daemon [_thread_blocked, id=4384, stack(0x0000000023790000,0x0000000023890000)]
  0x000000001a474800 JavaThread "RMI Scheduler(0)" daemon [_thread_blocked, id=5444, stack(0x0000000023590000,0x0000000023690000)]
  0x000000001a46b000 JavaThread "Cache worker for file content cache (C:\Users\Administrator\.gradle\caches\6.1.1\fileContent)" [_thread_blocked, id=1332, stack(0x0000000021c90000,0x0000000021d90000)]
  0x000000001a468000 JavaThread "Memory manager" [_thread_blocked, id=6984, stack(0x0000000021b90000,0x0000000021c90000)]
  0x0000000019d26000 JavaThread "Cache worker for execution history cache (C:\Users\Administrator\.gradle\caches\6.1.1\executionHistory)" [_thread_blocked, id=6684, stack(0x000000001d790000,0x000000001d890000)]
  0x0000000019d22800 JavaThread "Cache worker for file hash cache (C:\Users\Administrator\.gradle\caches\6.1.1\fileHashes)" [_thread_blocked, id=3464, stack(0x000000001bcc0000,0x000000001bdc0000)]
  0x0000000019d27000 JavaThread "File lock request listener" [_thread_in_native, id=2484, stack(0x000000001bbc0000,0x000000001bcc0000)]
  0x0000000019d24000 JavaThread "Cache worker for journal cache (C:\Users\Administrator\.gradle\caches\journal-1)" [_thread_blocked, id=7956, stack(0x000000001bac0000,0x000000001bbc0000)]
  0x0000000019a35000 JavaThread "Daemon periodic checks" [_thread_blocked, id=2856, stack(0x000000001aec0000,0x000000001afc0000)]
  0x0000000019a1d800 JavaThread "Incoming local TCP Connector on port 60332" [_thread_in_native, id=2696, stack(0x000000001ad10000,0x000000001ae10000)]
  0x000000001993f800 JavaThread "Daemon health stats" [_thread_blocked, id=6184, stack(0x000000001aa10000,0x000000001ab10000)]
  0x0000000017b8a000 JavaThread "Service Thread" daemon [_thread_blocked, id=4104, stack(0x0000000018070000,0x0000000018170000)]
  0x0000000017b81000 JavaThread "C1 CompilerThread1" daemon [_thread_blocked, id=5256, stack(0x0000000017f70000,0x0000000018070000)]
=>0x0000000016b8c000 JavaThread "C2 CompilerThread0" daemon [_thread_in_native, id=7000, stack(0x0000000017a70000,0x0000000017b70000)]
  0x0000000016b39000 JavaThread "Attach Listener" daemon [_thread_blocked, id=7484, stack(0x0000000017970000,0x0000000017a70000)]
  0x0000000016b37800 JavaThread "Signal Dispatcher" daemon [_thread_blocked, id=5004, stack(0x0000000017870000,0x0000000017970000)]
  0x00000000033f5800 JavaThread "Finalizer" daemon [_thread_blocked, id=6060, stack(0x0000000017770000,0x0000000017870000)]
  0x00000000033ee000 JavaThread "Reference Handler" daemon [_thread_blocked, id=7856, stack(0x0000000017670000,0x0000000017770000)]
  0x0000000002e2d800 JavaThread "main" [_thread_blocked, id=1412, stack(0x0000000003200000,0x0000000003300000)]

Other Threads:
  0x0000000016af6000 VMThread [stack: 0x0000000017570000,0x0000000017670000] [id=6832]
  0x0000000017bb7000 WatcherThread [stack: 0x0000000018170000,0x0000000018270000] [id=4124]

VM state:not at safepoint (normal execution)

VM Mutex/Monitor currently owned by a thread: None

Heap:
 PSYoungGen      total 312832K, used 47566K [0x00000000e0000000, 0x00000000f7580000, 0x0000000100000000)
  eden space 278528K, 4% used [0x00000000e0000000,0x00000000e0cf6bc8,0x00000000f1000000)
  from space 34304K, 99% used [0x00000000f1000000,0x00000000f317ccb0,0x00000000f3180000)
  to   space 41984K, 0% used [0x00000000f4c80000,0x00000000f4c80000,0x00000000f7580000)
 ParOldGen       total 215552K, used 88827K [0x00000000a0000000, 0x00000000ad280000, 0x00000000e0000000)
  object space 215552K, 41% used [0x00000000a0000000,0x00000000a56bed58,0x00000000ad280000)
 Metaspace       used 112564K, capacity 119066K, committed 119296K, reserved 1153024K
  class space    used 15027K, capacity 16304K, committed 16384K, reserved 1048576K

Card table byte_map: [0x00000000127c0000,0x0000000012ad0000] byte_map_base: 0x00000000122c0000

Marking Bits: (ParMarkBitMap*) 0x0000000061d10860
 Begin Bits: [0x0000000012ed0000, 0x00000000146d0000)
 End Bits:   [0x00000000146d0000, 0x0000000015ed0000)

Polling page: 0x0000000001120000

CodeCache: size=245760Kb used=56211Kb max_used=56211Kb free=189548Kb
 bounds [0x0000000003400000, 0x0000000006b30000, 0x0000000012400000]
 total_blobs=17702 nmethods=16755 adapters=856
 compilation: enabled

Compilation events (10 events):
Event: 442.920 Thread 0x0000000017b81000 nmethod 20494 0x0000000006b00b90 code [0x0000000006b00d20, 0x0000000006b00ea8]
Event: 442.938 Thread 0x0000000017b81000 20495       3       java.util.jar.JarFile::<init> (8 bytes)
Event: 442.938 Thread 0x0000000017b81000 nmethod 20495 0x0000000006b00690 code [0x0000000006b00800, 0x0000000006b00a88]
Event: 442.941 Thread 0x0000000017b81000 20496       3       java.util.jar.JarVerifier$3::<init> (10 bytes)
Event: 442.942 Thread 0x0000000017b81000 nmethod 20496 0x0000000006b002d0 code [0x0000000006b00420, 0x0000000006b005f0]
Event: 443.007 Thread 0x0000000016b8c000 20497   !   4       java.lang.ref.Reference::tryHandlePending (115 bytes)
Event: 443.013 Thread 0x0000000016b8c000 nmethod 20497 0x0000000006b26c90 code [0x0000000006b26e40, 0x0000000006b277b0]
Event: 443.013 Thread 0x0000000016b8c000 20498 %     4       com.sun.tools.javac.file.ZipFileIndex$ZipDirectory::readEntry @ 215 (587 bytes)
Event: 443.076 Thread 0x0000000017b81000 20503       3       com.sun.tools.javac.file.ZipFileIndex$ZipDirectory::buildIndex (191 bytes)
Event: 443.078 Thread 0x0000000017b81000 nmethod 20503 0x0000000006b23e50 code [0x0000000006b241a0, 0x0000000006b25c28]

GC Heap History (10 events):
Event: 157.968 GC heap before
{Heap before GC invocations=27 (full 4):
 PSYoungGen      total 262144K, used 230400K [0x00000000e0000000, 0x00000000f2100000, 0x0000000100000000)
  eden space 230400K, 100% used [0x00000000e0000000,0x00000000ee100000,0x00000000ee100000)
  from space 31744K, 0% used [0x00000000f0200000,0x00000000f0200000,0x00000000f2100000)
  to   space 32768K, 0% used [0x00000000ee100000,0x00000000ee100000,0x00000000f0100000)
 ParOldGen       total 215552K, used 79986K [0x00000000a0000000, 0x00000000ad280000, 0x00000000e0000000)
  object space 215552K, 37% used [0x00000000a0000000,0x00000000a4e1cae8,0x00000000ad280000)
 Metaspace       used 99609K, capacity 104212K, committed 104320K, reserved 1138688K
  class space    used 13447K, capacity 14413K, committed 14464K, reserved 1048576K
Event: 157.999 GC heap after
Heap after GC invocations=27 (full 4):
 PSYoungGen      total 263168K, used 16944K [0x00000000e0000000, 0x00000000f4480000, 0x0000000100000000)
  eden space 230400K, 0% used [0x00000000e0000000,0x00000000e0000000,0x00000000ee100000)
  from space 32768K, 51% used [0x00000000ee100000,0x00000000ef18c3a0,0x00000000f0100000)
  to   space 32256K, 0% used [0x00000000f2500000,0x00000000f2500000,0x00000000f4480000)
 ParOldGen       total 215552K, used 79994K [0x00000000a0000000, 0x00000000ad280000, 0x00000000e0000000)
  object space 215552K, 37% used [0x00000000a0000000,0x00000000a4e1eae8,0x00000000ad280000)
 Metaspace       used 99609K, capacity 104212K, committed 104320K, reserved 1138688K
  class space    used 13447K, capacity 14413K, committed 14464K, reserved 1048576K
}
Event: 227.498 GC heap before
{Heap before GC invocations=28 (full 4):
 PSYoungGen      total 263168K, used 247344K [0x00000000e0000000, 0x00000000f4480000, 0x0000000100000000)
  eden space 230400K, 100% used [0x00000000e0000000,0x00000000ee100000,0x00000000ee100000)
  from space 32768K, 51% used [0x00000000ee100000,0x00000000ef18c3a0,0x00000000f0100000)
  to   space 32256K, 0% used [0x00000000f2500000,0x00000000f2500000,0x00000000f4480000)
 ParOldGen       total 215552K, used 79994K [0x00000000a0000000, 0x00000000ad280000, 0x00000000e0000000)
  object space 215552K, 37% used [0x00000000a0000000,0x00000000a4e1eae8,0x00000000ad280000)
 Metaspace       used 100280K, capacity 105206K, committed 105472K, reserved 1140736K
  class space    used 13498K, capacity 14500K, committed 14592K, reserved 1048576K
Event: 227.532 GC heap after
Heap after GC invocations=28 (full 4):
 PSYoungGen      total 284672K, used 12961K [0x00000000e0000000, 0x00000000f3b80000, 0x0000000100000000)
  eden space 261632K, 0% used [0x00000000e0000000,0x00000000e0000000,0x00000000eff80000)
  from space 23040K, 56% used [0x00000000f2500000,0x00000000f31a8768,0x00000000f3b80000)
  to   space 30720K, 0% used [0x00000000eff80000,0x00000000eff80000,0x00000000f1d80000)
 ParOldGen       total 215552K, used 79994K [0x00000000a0000000, 0x00000000ad280000, 0x00000000e0000000)
  object space 215552K, 37% used [0x00000000a0000000,0x00000000a4e1eae8,0x00000000ad280000)
 Metaspace       used 100280K, capacity 105206K, committed 105472K, reserved 1140736K
  class space    used 13498K, capacity 14500K, committed 14592K, reserved 1048576K
}
Event: 328.833 GC heap before
{Heap before GC invocations=29 (full 4):
 PSYoungGen      total 284672K, used 274593K [0x00000000e0000000, 0x00000000f3b80000, 0x0000000100000000)
  eden space 261632K, 100% used [0x00000000e0000000,0x00000000eff80000,0x00000000eff80000)
  from space 23040K, 56% used [0x00000000f2500000,0x00000000f31a8768,0x00000000f3b80000)
  to   space 30720K, 0% used [0x00000000eff80000,0x00000000eff80000,0x00000000f1d80000)
 ParOldGen       total 215552K, used 79994K [0x00000000a0000000, 0x00000000ad280000, 0x00000000e0000000)
  object space 215552K, 37% used [0x00000000a0000000,0x00000000a4e1eae8,0x00000000ad280000)
 Metaspace       used 105407K, capacity 110820K, committed 110976K, reserved 1144832K
  class space    used 14081K, capacity 15141K, committed 15232K, reserved 1048576K
Event: 328.859 GC heap after
Heap after GC invocations=29 (full 4):
 PSYoungGen      total 292352K, used 14627K [0x00000000e0000000, 0x00000000f4e00000, 0x0000000100000000)
  eden space 261632K, 0% used [0x00000000e0000000,0x00000000e0000000,0x00000000eff80000)
  from space 30720K, 47% used [0x00000000eff80000,0x00000000f0dc8e40,0x00000000f1d80000)
  to   space 29184K, 0% used [0x00000000f3180000,0x00000000f3180000,0x00000000f4e00000)
 ParOldGen       total 215552K, used 79994K [0x00000000a0000000, 0x00000000ad280000, 0x00000000e0000000)
  object space 215552K, 37% used [0x00000000a0000000,0x00000000a4e1eae8,0x00000000ad280000)
 Metaspace       used 105407K, capacity 110820K, committed 110976K, reserved 1144832K
  class space    used 14081K, capacity 15141K, committed 15232K, reserved 1048576K
}
Event: 432.073 GC heap before
{Heap before GC invocations=30 (full 4):
 PSYoungGen      total 292352K, used 276259K [0x00000000e0000000, 0x00000000f4e00000, 0x0000000100000000)
  eden space 261632K, 100% used [0x00000000e0000000,0x00000000eff80000,0x00000000eff80000)
  from space 30720K, 47% used [0x00000000eff80000,0x00000000f0dc8e40,0x00000000f1d80000)
  to   space 29184K, 0% used [0x00000000f3180000,0x00000000f3180000,0x00000000f4e00000)
 ParOldGen       total 215552K, used 79994K [0x00000000a0000000, 0x00000000ad280000, 0x00000000e0000000)
  object space 215552K, 37% used [0x00000000a0000000,0x00000000a4e1eae8,0x00000000ad280000)
 Metaspace       used 112058K, capacity 118250K, committed 118400K, reserved 1150976K
  class space    used 14993K, capacity 16244K, committed 16256K, reserved 1048576K
Event: 432.154 GC heap after
Heap after GC invocations=30 (full 4):
 PSYoungGen      total 307712K, used 29169K [0x00000000e0000000, 0x00000000f5480000, 0x0000000100000000)
  eden space 278528K, 0% used [0x00000000e0000000,0x00000000e0000000,0x00000000f1000000)
  from space 29184K, 99% used [0x00000000f3180000,0x00000000f4dfc670,0x00000000f4e00000)
  to   space 34304K, 0% used [0x00000000f1000000,0x00000000f1000000,0x00000000f3180000)
 ParOldGen       total 215552K, used 82441K [0x00000000a0000000, 0x00000000ad280000, 0x00000000e0000000)
  object space 215552K, 38% used [0x00000000a0000000,0x00000000a50827f0,0x00000000ad280000)
 Metaspace       used 112058K, capacity 118250K, committed 118400K, reserved 1150976K
  class space    used 14993K, capacity 16244K, committed 16256K, reserved 1048576K
}
Event: 442.943 GC heap before
{Heap before GC invocations=31 (full 4):
 PSYoungGen      total 307712K, used 307690K [0x00000000e0000000, 0x00000000f5480000, 0x0000000100000000)
  eden space 278528K, 99% used [0x00000000e0000000,0x00000000f0ffe2d0,0x00000000f1000000)
  from space 29184K, 99% used [0x00000000f3180000,0x00000000f4dfc670,0x00000000f4e00000)
  to   space 34304K, 0% used [0x00000000f1000000,0x00000000f1000000,0x00000000f3180000)
 ParOldGen       total 215552K, used 82441K [0x00000000a0000000, 0x00000000ad280000, 0x00000000e0000000)
  object space 215552K, 38% used [0x00000000a0000000,0x00000000a50827f0,0x00000000ad280000)
 Metaspace       used 112559K, capacity 119066K, committed 119296K, reserved 1153024K
  class space    used 15027K, capacity 16304K, committed 16384K, reserved 1048576K
Event: 443.006 GC heap after
Heap after GC invocations=31 (full 4):
 PSYoungGen      total 312832K, used 34291K [0x00000000e0000000, 0x00000000f7580000, 0x0000000100000000)
  eden space 278528K, 0% used [0x00000000e0000000,0x00000000e0000000,0x00000000f1000000)
  from space 34304K, 99% used [0x00000000f1000000,0x00000000f317ccb0,0x00000000f3180000)
  to   space 41984K, 0% used [0x00000000f4c80000,0x00000000f4c80000,0x00000000f7580000)
 ParOldGen       total 215552K, used 88827K [0x00000000a0000000, 0x00000000ad280000, 0x00000000e0000000)
  object space 215552K, 41% used [0x00000000a0000000,0x00000000a56bed58,0x00000000ad280000)
 Metaspace       used 112559K, capacity 119066K, committed 119296K, reserved 1153024K
  class space    used 15027K, capacity 16304K, committed 16384K, reserved 1048576K
}

Deoptimization events (10 events):
Event: 333.979 Thread 0x0000000019d24800 Uncommon trap: reason=unloaded action=reinterpret pc=0x00000000053f9118 method=com.esotericsoftware.kryo.io.Output.flush()V @ 28
Event: 333.980 Thread 0x0000000019d24800 Uncommon trap: reason=unloaded action=reinterpret pc=0x0000000004148e2c method=com.esotericsoftware.kryo.io.Output.flush()V @ 28
Event: 333.981 Thread 0x0000000019d24800 Uncommon trap: reason=unstable_if action=reinterpret pc=0x0000000006970818 method=sun.nio.ch.SocketChannelImpl.ensureWriteOpen()V @ 11
Event: 433.515 Thread 0x0000000018829800 Uncommon trap: reason=unstable_if action=reinterpret pc=0x00000000063d38e4 method=com.google.common.util.concurrent.AbstractFuture.get()Ljava/lang/Object; @ 84
Event: 433.805 Thread 0x000000001a46c800 Uncommon trap: reason=bimorphic action=maybe_recompile pc=0x0000000004aa4a4c method=com.sun.org.apache.xerces.internal.dom.CoreDocumentImpl.isKidOK(Lorg/w3c/dom/Node;Lorg/w3c/dom/Node;)Z @ 39
Event: 435.117 Thread 0x0000000018829800 Uncommon trap: reason=unstable_if action=reinterpret pc=0x0000000004df0970 method=java.util.concurrent.ConcurrentLinkedQueue.updateHead(Ljava/util/concurrent/ConcurrentLinkedQueue$Node;Ljava/util/concurrent/ConcurrentLinkedQueue$Node;)V @ 11
Event: 435.226 Thread 0x000000001a46c800 Uncommon trap: reason=class_check action=maybe_recompile pc=0x00000000060dd00c method=com.google.common.collect.CompactHashMap$Itr.next()Ljava/lang/Object; @ 45
Event: 436.392 Thread 0x000000001a466800 Uncommon trap: reason=array_check action=maybe_recompile pc=0x0000000004fa00d4 method=com.google.common.collect.RegularImmutableMap.fromEntryArray(I[Ljava/util/Map$Entry;)Lcom/google/common/collect/ImmutableMap; @ 157
Event: 436.587 Thread 0x000000001a466000 Uncommon trap: reason=unstable_if action=reinterpret pc=0x0000000006a4e484 method=org.gradle.cache.internal.btree.BTreePersistentIndexedCache$DataBlock.useNewValue(Ljava/lang/Object;)Lorg/gradle/cache/internal/btree/BTreePersistentIndexedCache$DataBlockUp
Event: 442.864 Thread 0x000000001a46c800 Uncommon trap: reason=class_check action=maybe_recompile pc=0x000000000519d170 method=org.gradle.api.internal.tasks.compile.incremental.deps.ClassSetAnalysisData.getDependents(Ljava/lang/String;)Lorg/gradle/api/internal/tasks/compile/incremental/deps/Depe

Classes redefined (0 events):
No events

Internal exceptions (10 events):
Event: 437.110 Thread 0x0000000019d21000 Exception <a 'java/lang/InterruptedException'> (0x00000000ee7881c0) thrown at [C:\re\workspace\8-2-build-windows-amd64-cygwin\jdk8u162\10278\hotspot\src\share\vm\runtime\objectMonitor.cpp, line 1684]
Event: 442.729 Thread 0x000000001a46c800 Exception <a 'sun/nio/fs/WindowsException'> (0x00000000efc33fa8) thrown at [C:\re\workspace\8-2-build-windows-amd64-cygwin\jdk8u162\10278\hotspot\src\share\vm\prims\jni.cpp, line 709]
Event: 442.729 Thread 0x000000001a46c800 Exception <a 'sun/nio/fs/WindowsException'> (0x00000000efc34be8) thrown at [C:\re\workspace\8-2-build-windows-amd64-cygwin\jdk8u162\10278\hotspot\src\share\vm\prims\jni.cpp, line 709]
Event: 442.729 Thread 0x000000001a46c800 Exception <a 'sun/nio/fs/WindowsException'> (0x00000000efc35898) thrown at [C:\re\workspace\8-2-build-windows-amd64-cygwin\jdk8u162\10278\hotspot\src\share\vm\prims\jni.cpp, line 709]
Event: 442.730 Thread 0x000000001a46c800 Exception <a 'sun/nio/fs/WindowsException'> (0x00000000efc3c1d0) thrown at [C:\re\workspace\8-2-build-windows-amd64-cygwin\jdk8u162\10278\hotspot\src\share\vm\prims\jni.cpp, line 709]
Event: 442.730 Thread 0x000000001a46c800 Exception <a 'sun/nio/fs/WindowsException'> (0x00000000efc3ce50) thrown at [C:\re\workspace\8-2-build-windows-amd64-cygwin\jdk8u162\10278\hotspot\src\share\vm\prims\jni.cpp, line 709]
Event: 442.730 Thread 0x000000001a46c800 Exception <a 'sun/nio/fs/WindowsException'> (0x00000000efc3db40) thrown at [C:\re\workspace\8-2-build-windows-amd64-cygwin\jdk8u162\10278\hotspot\src\share\vm\prims\jni.cpp, line 709]
Event: 442.731 Thread 0x000000001a46c800 Exception <a 'sun/nio/fs/WindowsException'> (0x00000000efc3f880) thrown at [C:\re\workspace\8-2-build-windows-amd64-cygwin\jdk8u162\10278\hotspot\src\share\vm\prims\jni.cpp, line 709]
Event: 442.731 Thread 0x000000001a46c800 Exception <a 'sun/nio/fs/WindowsException'> (0x00000000efc40510) thrown at [C:\re\workspace\8-2-build-windows-amd64-cygwin\jdk8u162\10278\hotspot\src\share\vm\prims\jni.cpp, line 709]
Event: 442.731 Thread 0x000000001a46c800 Exception <a 'sun/nio/fs/WindowsException'> (0x00000000efc41210) thrown at [C:\re\workspace\8-2-build-windows-amd64-cygwin\jdk8u162\10278\hotspot\src\share\vm\prims\jni.cpp, line 709]

Events (10 events):
Event: 443.096 Thread 0x000000001a46c800 DEOPT PACKING pc=0x00000000052013bf sp=0x0000000023389b30
Event: 443.096 Thread 0x000000001a46c800 DEOPT UNPACKING pc=0x0000000003447490 sp=0x0000000023389938 mode 0
Event: 443.096 Thread 0x000000001a46c800 DEOPT PACKING pc=0x00000000052013bf sp=0x0000000023389b30
Event: 443.096 Thread 0x000000001a46c800 DEOPT UNPACKING pc=0x0000000003447490 sp=0x0000000023389938 mode 0
Event: 443.098 Thread 0x000000001a46c800 DEOPT PACKING pc=0x00000000052013bf sp=0x0000000023389b30
Event: 443.098 Thread 0x000000001a46c800 DEOPT UNPACKING pc=0x0000000003447490 sp=0x0000000023389938 mode 0
Event: 443.098 Thread 0x000000001a46c800 DEOPT PACKING pc=0x00000000052013bf sp=0x0000000023389b30
Event: 443.098 Thread 0x000000001a46c800 DEOPT UNPACKING pc=0x0000000003447490 sp=0x0000000023389938 mode 0
Event: 443.100 Thread 0x000000001a46c800 DEOPT PACKING pc=0x00000000052013bf sp=0x0000000023389b30
Event: 443.100 Thread 0x000000001a46c800 DEOPT UNPACKING pc=0x0000000003447490 sp=0x0000000023389938 mode 0


Dynamic libraries:
0x00007ff6e3ae0000 - 0x00007ff6e3b17000 	D:\jdk1.8\jdk1.8\bin\java.exe
0x00007ffd19e90000 - 0x00007ffd1a085000 	C:\windows\SYSTEM32\ntdll.dll
0x00007ffd18d70000 - 0x00007ffd18e2d000 	C:\windows\System32\KERNEL32.DLL
0x00007ffd17660000 - 0x00007ffd17927000 	C:\windows\System32\KERNELBASE.dll
0x00007ffd19000000 - 0x00007ffd190aa000 	C:\windows\System32\ADVAPI32.dll
0x00007ffd19a50000 - 0x00007ffd19aee000 	C:\windows\System32\msvcrt.dll
0x00007ffd18b10000 - 0x00007ffd18bab000 	C:\windows\System32\sechost.dll
0x00007ffd18370000 - 0x00007ffd18493000 	C:\windows\System32\RPCRT4.dll
0x00007ffd18550000 - 0x00007ffd186f0000 	C:\windows\System32\USER32.dll
0x00007ffd17ca0000 - 0x00007ffd17cc2000 	C:\windows\System32\win32u.dll
0x00007ffd18d40000 - 0x00007ffd18d6a000 	C:\windows\System32\GDI32.dll
0x00007ffd17980000 - 0x00007ffd17a8a000 	C:\windows\System32\gdi32full.dll
0x00007ffd17d00000 - 0x00007ffd17d9d000 	C:\windows\System32\msvcp_win.dll
0x00007ffd17da0000 - 0x00007ffd17ea0000 	C:\windows\System32\ucrtbase.dll
0x00007ffd0cda0000 - 0x00007ffd0d03a000 	C:\windows\WinSxS\amd64_microsoft.windows.common-controls_6595b64144ccf1df_6.0.19041.1_none_b555e41d4684ddec\COMCTL32.dll
0x00007ffd18a10000 - 0x00007ffd18a40000 	C:\windows\System32\IMM32.DLL
0x00000000627b0000 - 0x0000000062881000 	D:\jdk1.8\jdk1.8\jre\bin\msvcr100.dll
0x00000000614f0000 - 0x0000000061d90000 	D:\jdk1.8\jdk1.8\jre\bin\server\jvm.dll
0x00007ffd19980000 - 0x00007ffd19988000 	C:\windows\System32\PSAPI.DLL
0x00007ffd13000000 - 0x00007ffd13009000 	C:\windows\SYSTEM32\WSOCK32.dll
0x00007ffd186f0000 - 0x00007ffd1875b000 	C:\windows\System32\WS2_32.dll
0x00007ffd10350000 - 0x00007ffd10377000 	C:\windows\SYSTEM32\WINMM.dll
0x00007ffd0eb30000 - 0x00007ffd0eb3a000 	C:\windows\SYSTEM32\VERSION.dll
0x00000000627a0000 - 0x00000000627af000 	D:\jdk1.8\jdk1.8\jre\bin\verify.dll
0x0000000062770000 - 0x0000000062799000 	D:\jdk1.8\jdk1.8\jre\bin\java.dll
0x0000000062710000 - 0x0000000062726000 	D:\jdk1.8\jdk1.8\jre\bin\zip.dll
0x00007ffd19240000 - 0x00007ffd19980000 	C:\windows\System32\SHELL32.dll
0x00007ffd15780000 - 0x00007ffd15f11000 	C:\windows\SYSTEM32\windows.storage.dll
0x00007ffd19af0000 - 0x00007ffd19e43000 	C:\windows\System32\combase.dll
0x00007ffd16ff0000 - 0x00007ffd1701c000 	C:\windows\SYSTEM32\Wldp.dll
0x00007ffd18f50000 - 0x00007ffd18ffe000 	C:\windows\System32\SHCORE.dll
0x00007ffd199f0000 - 0x00007ffd19a45000 	C:\windows\System32\shlwapi.dll
0x00007ffd17520000 - 0x00007ffd1753f000 	C:\windows\SYSTEM32\profapi.dll
0x00000000626f0000 - 0x000000006270a000 	D:\jdk1.8\jdk1.8\jre\bin\net.dll
0x00007ffd16d70000 - 0x00007ffd16dda000 	C:\windows\system32\mswsock.dll
0x00000000626d0000 - 0x00000000626e1000 	D:\jdk1.8\jdk1.8\jre\bin\nio.dll
0x00007ffd0a600000 - 0x00007ffd0a626000 	C:\Users\Administrator\.gradle\native\31\windows-amd64\native-platform.dll
0x00000000626c0000 - 0x00000000626cd000 	D:\jdk1.8\jdk1.8\jre\bin\management.dll
0x00007ffd16f40000 - 0x00007ffd16f58000 	C:\windows\SYSTEM32\CRYPTSP.dll
0x00007ffd166a0000 - 0x00007ffd166d4000 	C:\windows\system32\rsaenh.dll
0x00007ffd17cd0000 - 0x00007ffd17cf7000 	C:\windows\System32\bcrypt.dll
0x00007ffd174a0000 - 0x00007ffd174ce000 	C:\windows\SYSTEM32\USERENV.dll
0x00007ffd175e0000 - 0x00007ffd1765f000 	C:\windows\System32\bcryptprimitives.dll
0x00007ffd16f60000 - 0x00007ffd16f6c000 	C:\windows\SYSTEM32\CRYPTBASE.dll
0x00007ffd16a60000 - 0x00007ffd16a9b000 	C:\windows\SYSTEM32\IPHLPAPI.DLL
0x00007ffd18a00000 - 0x00007ffd18a09000 	C:\windows\System32\NSI.dll
0x00007ffd120f0000 - 0x00007ffd12107000 	C:\windows\SYSTEM32\dhcpcsvc6.DLL
0x00007ffd120d0000 - 0x00007ffd120ed000 	C:\windows\SYSTEM32\dhcpcsvc.DLL
0x00007ffd16aa0000 - 0x00007ffd16b6a000 	C:\windows\SYSTEM32\DNSAPI.dll
0x00007ffd0a940000 - 0x00007ffd0a95e000 	C:\Users\Administrator\AppData\Local\Temp\native-platform3446870937018528234dir\native-platform.dll

VM Arguments:
jvm_args: -Xmx1536m -Dfile.encoding=GBK -Duser.country=CN -Duser.language=zh -Duser.variant 
java_command: org.gradle.launcher.daemon.bootstrap.GradleDaemon 6.1.1
java_class_path (initial): C:\Users\Administrator\.gradle\wrapper\dists\gradle-6.1.1-all\cfmwm155h49vnt3hynmlrsdst\gradle-6.1.1\lib\gradle-launcher-6.1.1.jar
Launcher Type: SUN_STANDARD

Environment Variables:
JAVA_HOME=D:\jdk1.8\jdk1.8
PATH=C:\windows\system32;C:\windows;C:\windows\System32\Wbem;C:\windows\System32\WindowsPowerShell\v1.0\;C:\windows\System32\OpenSSH\;D:\git\Git\cmd;D:\jdk1.8\jdk1.8\bin;C:\Users\Administrator\AppData\Local\Microsoft\WindowsApps;
USERNAME=Administrator
OS=Windows_NT
PROCESSOR_IDENTIFIER=Intel64 Family 6 Model 58 Stepping 9, GenuineIntel



---------------  S Y S T E M  ---------------

OS: Windows 10.0 , 64 bit Build 19041 (10.0.19041.292)

CPU:total 2 (initial active 2) (2 cores per cpu, 1 threads per core) family 6 model 58 stepping 9, cmov, cx8, fxsr, mmx, sse, sse2, sse3, ssse3, sse4.1, sse4.2, popcnt, clmul, erms, tsc, tscinvbit, tscinv

Memory: 4k page, physical 8283016k(2327092k free), swap 14837532k(4240k free)

vm_info: Java HotSpot(TM) 64-Bit Server VM (25.162-b12) for windows-amd64 JRE (1.8.0_162-b12), built on Dec 19 2017 20:00:03 by "java_re" with MS VC++ 10.0 (VS2010)

time: Tue Sep 08 16:44:09 2020
elapsed time: 443 seconds (0d 0h 7m 23s)

