#
# There is insufficient memory for the Java Runtime Environment to continue.
# Native memory allocation (malloc) failed to allocate 1160784 bytes for Chunk::new
# Possible reasons:
#   The system is out of physical RAM or swap space
#   In 32 bit mode, the process size limit was hit
# Possible solutions:
#   Reduce memory load on the system
#   Increase physical memory or swap space
#   Check if swap backing store is full
#   Use 64 bit Java on a 64 bit OS
#   Decrease Java heap size (-Xmx/-Xms)
#   Decrease number of Java threads
#   Decrease Java thread stack sizes (-Xss)
#   Set larger code cache with -XX:ReservedCodeCacheSize=
# This output file may be truncated or incomplete.
#
#  Out of Memory Error (allocation.cpp:390), pid=3240, tid=0x0000000000001d4c
#
# JRE version: Java(TM) SE Runtime Environment (8.0_162-b12) (build 1.8.0_162-b12)
# Java VM: Java HotSpot(TM) 64-Bit Server VM (25.162-b12 mixed mode windows-amd64 compressed oops)
# Failed to write core dump. Minidumps are not enabled by default on client versions of Windows
#

---------------  T H R E A D  ---------------

Current thread (0x00000000172fc000):  JavaThread "C2 CompilerThread0" daemon [_thread_in_native, id=7500, stack(0x0000000018220000,0x0000000018320000)]

Stack: [0x0000000018220000,0x0000000018320000]
[error occurred during error reporting (printing stack bounds), id 0xc0000005]

Native frames: (J=compiled Java code, j=interpreted, Vv=VM code, C=native code)


Current CompileTask:
C2:   6629 4300       4       org.jetbrains.kotlin.com.intellij.lang.impl.PsiBuilderImpl::insertLeaves (88 bytes)


---------------  P R O C E S S  ---------------

Java Threads: ( => current thread )
  0x0000000018475800 JavaThread "Service Thread" daemon [_thread_blocked, id=5988, stack(0x0000000018820000,0x0000000018920000)]
  0x0000000017309000 JavaThread "C1 CompilerThread1" daemon [_thread_blocked, id=2160, stack(0x0000000018320000,0x0000000018420000)]
=>0x00000000172fc000 JavaThread "C2 CompilerThread0" daemon [_thread_in_native, id=7500, stack(0x0000000018220000,0x0000000018320000)]
  0x00000000172a6000 JavaThread "Attach Listener" daemon [_thread_blocked, id=5552, stack(0x0000000018120000,0x0000000018220000)]
  0x00000000172fb000 JavaThread "Signal Dispatcher" daemon [_thread_blocked, id=7148, stack(0x0000000018020000,0x0000000018120000)]
  0x000000001727d800 JavaThread "Finalizer" daemon [_thread_blocked, id=4500, stack(0x0000000017ec0000,0x0000000017fc0000)]
  0x000000000294a000 JavaThread "Reference Handler" daemon [_thread_blocked, id=5980, stack(0x0000000017dc0000,0x0000000017ec0000)]
  0x00000000003ee000 JavaThread "main" [_thread_in_native_trans, id=3272, stack(0x0000000002750000,0x0000000002850000)]

Other Threads:
  0x0000000017256000 VMThread [stack: 0x0000000017cc0000,0x0000000017dc0000] [id=8072]
  0x0000000018490000 WatcherThread [stack: 0x0000000018920000,0x0000000018a20000] [id=7348]

VM state:not at safepoint (normal execution)

VM Mutex/Monitor currently owned by a thread: None

Heap:
 PSYoungGen      total 81920K, used 33311K [0x00000000d5d80000, 0x00000000dd480000, 0x0000000100000000)
  eden space 66560K, 28% used [0x00000000d5d80000,0x00000000d7037728,0x00000000d9e80000)
  from space 15360K, 92% used [0x00000000d9e80000,0x00000000dac50848,0x00000000dad80000)
  to   space 16896K, 0% used [0x00000000dc400000,0x00000000dc400000,0x00000000dd480000)
 ParOldGen       total 121344K, used 18105K [0x0000000081800000, 0x0000000088e80000, 0x00000000d5d80000)
  object space 121344K, 14% used [0x0000000081800000,0x00000000829ae688,0x0000000088e80000)
 Metaspace       used 44990K, capacity 45784K, committed 45952K, reserved 1089536K
  class space    used 5817K, capacity 6010K, committed 6016K, reserved 1048576K

Card table byte_map: [0x0000000011d10000,0x0000000012110000] byte_map_base: 0x0000000011904000

Marking Bits: (ParMarkBitMap*) 0x000000005f1e0860
 Begin Bits: [0x00000000125c0000, 0x0000000014560000)
 End Bits:   [0x0000000014560000, 0x0000000016500000)

Polling page: 0x0000000000c10000

CodeCache: size=245760Kb used=13328Kb max_used=13328Kb free=232431Kb
 bounds [0x0000000002950000, 0x0000000003660000, 0x0000000011950000]
 total_blobs=4744 nmethods=4291 adapters=366
 compilation: enabled

Compilation events (10 events):
Event: 6.598 Thread 0x0000000017309000 4330       3       org.jetbrains.kotlin.com.intellij.psi.stubs.StubList::getChildrenStorage (25 bytes)
Event: 6.598 Thread 0x0000000017309000 nmethod 4330 0x0000000003659310 code [0x0000000003659480, 0x0000000003659670]
Event: 6.598 Thread 0x0000000017309000 4331       3       org.jetbrains.kotlin.com.intellij.psi.stubs.StubList::getChildrenCount (12 bytes)
Event: 6.598 Thread 0x0000000017309000 nmethod 4331 0x0000000003659710 code [0x00000000036598c0, 0x0000000003659d88]
Event: 6.599 Thread 0x0000000017309000 4332       3       org.jetbrains.kotlin.com.intellij.psi.stubs.MaterialStubList::size (8 bytes)
Event: 6.599 Thread 0x0000000017309000 nmethod 4332 0x000000000365a150 code [0x000000000365a2a0, 0x000000000365a490]
Event: 6.606 Thread 0x0000000017309000 4333       3       java.lang.invoke.DirectMethodHandle::preparedLambdaForm (230 bytes)
Event: 6.607 Thread 0x0000000017309000 nmethod 4333 0x000000000365a550 code [0x000000000365a7c0, 0x000000000365b818]
Event: 6.618 Thread 0x0000000017309000 4335       3       jdk.internal.org.objectweb.asm.AnnotationWriter::put (109 bytes)
Event: 6.619 Thread 0x0000000017309000 nmethod 4335 0x000000000365be50 code [0x000000000365c000, 0x000000000365c4b8]

GC Heap History (10 events):
Event: 2.714 GC heap before
{Heap before GC invocations=5 (full 1):
 PSYoungGen      total 38400K, used 33280K [0x00000000d5d80000, 0x00000000da880000, 0x0000000100000000)
  eden space 33280K, 100% used [0x00000000d5d80000,0x00000000d7e00000,0x00000000d7e00000)
  from space 5120K, 0% used [0x00000000d7e00000,0x00000000d7e00000,0x00000000d8300000)
  to   space 5120K, 0% used [0x00000000da380000,0x00000000da380000,0x00000000da880000)
 ParOldGen       total 70656K, used 9737K [0x0000000081800000, 0x0000000085d00000, 0x00000000d5d80000)
  object space 70656K, 13% used [0x0000000081800000,0x00000000821826e8,0x0000000085d00000)
 Metaspace       used 23855K, capacity 24399K, committed 24576K, reserved 1071104K
  class space    used 2897K, capacity 3056K, committed 3072K, reserved 1048576K
Event: 2.734 GC heap after
Heap after GC invocations=5 (full 1):
 PSYoungGen      total 51712K, used 5106K [0x00000000d5d80000, 0x00000000da880000, 0x0000000100000000)
  eden space 46592K, 0% used [0x00000000d5d80000,0x00000000d5d80000,0x00000000d8b00000)
  from space 5120K, 99% used [0x00000000da380000,0x00000000da87c8c0,0x00000000da880000)
  to   space 5120K, 0% used [0x00000000d9e80000,0x00000000d9e80000,0x00000000da380000)
 ParOldGen       total 70656K, used 11488K [0x0000000081800000, 0x0000000085d00000, 0x00000000d5d80000)
  object space 70656K, 16% used [0x0000000081800000,0x00000000823381d0,0x0000000085d00000)
 Metaspace       used 23855K, capacity 24399K, committed 24576K, reserved 1071104K
  class space    used 2897K, capacity 3056K, committed 3072K, reserved 1048576K
}
Event: 3.542 GC heap before
{Heap before GC invocations=6 (full 1):
 PSYoungGen      total 51712K, used 51698K [0x00000000d5d80000, 0x00000000da880000, 0x0000000100000000)
  eden space 46592K, 100% used [0x00000000d5d80000,0x00000000d8b00000,0x00000000d8b00000)
  from space 5120K, 99% used [0x00000000da380000,0x00000000da87c8c0,0x00000000da880000)
  to   space 5120K, 0% used [0x00000000d9e80000,0x00000000d9e80000,0x00000000da380000)
 ParOldGen       total 70656K, used 11488K [0x0000000081800000, 0x0000000085d00000, 0x00000000d5d80000)
  object space 70656K, 16% used [0x0000000081800000,0x00000000823381d0,0x0000000085d00000)
 Metaspace       used 31751K, capacity 32340K, committed 32768K, reserved 1077248K
  class space    used 4082K, capacity 4246K, committed 4352K, reserved 1048576K
Event: 3.558 GC heap after
Heap after GC invocations=6 (full 1):
 PSYoungGen      total 70656K, used 5118K [0x00000000d5d80000, 0x00000000dbd80000, 0x0000000100000000)
  eden space 65536K, 0% used [0x00000000d5d80000,0x00000000d5d80000,0x00000000d9d80000)
  from space 5120K, 99% used [0x00000000d9e80000,0x00000000da37fb18,0x00000000da380000)
  to   space 16384K, 0% used [0x00000000dad80000,0x00000000dad80000,0x00000000dbd80000)
 ParOldGen       total 70656K, used 22887K [0x0000000081800000, 0x0000000085d00000, 0x00000000d5d80000)
  object space 70656K, 32% used [0x0000000081800000,0x0000000082e59ea8,0x0000000085d00000)
 Metaspace       used 31751K, capacity 32340K, committed 32768K, reserved 1077248K
  class space    used 4082K, capacity 4246K, committed 4352K, reserved 1048576K
}
Event: 4.022 GC heap before
{Heap before GC invocations=7 (full 1):
 PSYoungGen      total 70656K, used 22636K [0x00000000d5d80000, 0x00000000dbd80000, 0x0000000100000000)
  eden space 65536K, 26% used [0x00000000d5d80000,0x00000000d6e9b510,0x00000000d9d80000)
  from space 5120K, 99% used [0x00000000d9e80000,0x00000000da37fb18,0x00000000da380000)
  to   space 16384K, 0% used [0x00000000dad80000,0x00000000dad80000,0x00000000dbd80000)
 ParOldGen       total 70656K, used 22887K [0x0000000081800000, 0x0000000085d00000, 0x00000000d5d80000)
  object space 70656K, 32% used [0x0000000081800000,0x0000000082e59ea8,0x0000000085d00000)
 Metaspace       used 34679K, capacity 35192K, committed 35456K, reserved 1079296K
  class space    used 4502K, capacity 4638K, committed 4736K, reserved 1048576K
Event: 4.034 GC heap after
Heap after GC invocations=7 (full 1):
 PSYoungGen      total 82944K, used 9027K [0x00000000d5d80000, 0x00000000dd680000, 0x0000000100000000)
  eden space 66560K, 0% used [0x00000000d5d80000,0x00000000d5d80000,0x00000000d9e80000)
  from space 16384K, 55% used [0x00000000dad80000,0x00000000db650ed8,0x00000000dbd80000)
  to   space 15360K, 0% used [0x00000000d9e80000,0x00000000d9e80000,0x00000000dad80000)
 ParOldGen       total 70656K, used 22895K [0x0000000081800000, 0x0000000085d00000, 0x00000000d5d80000)
  object space 70656K, 32% used [0x0000000081800000,0x0000000082e5bea8,0x0000000085d00000)
 Metaspace       used 34679K, capacity 35192K, committed 35456K, reserved 1079296K
  class space    used 4502K, capacity 4638K, committed 4736K, reserved 1048576K
}
Event: 4.034 GC heap before
{Heap before GC invocations=8 (full 2):
 PSYoungGen      total 82944K, used 9027K [0x00000000d5d80000, 0x00000000dd680000, 0x0000000100000000)
  eden space 66560K, 0% used [0x00000000d5d80000,0x00000000d5d80000,0x00000000d9e80000)
  from space 16384K, 55% used [0x00000000dad80000,0x00000000db650ed8,0x00000000dbd80000)
  to   space 15360K, 0% used [0x00000000d9e80000,0x00000000d9e80000,0x00000000dad80000)
 ParOldGen       total 70656K, used 22895K [0x0000000081800000, 0x0000000085d00000, 0x00000000d5d80000)
  object space 70656K, 32% used [0x0000000081800000,0x0000000082e5bea8,0x0000000085d00000)
 Metaspace       used 34679K, capacity 35192K, committed 35456K, reserved 1079296K
  class space    used 4502K, capacity 4638K, committed 4736K, reserved 1048576K
Event: 4.146 GC heap after
Heap after GC invocations=8 (full 2):
 PSYoungGen      total 82944K, used 0K [0x00000000d5d80000, 0x00000000dd680000, 0x0000000100000000)
  eden space 66560K, 0% used [0x00000000d5d80000,0x00000000d5d80000,0x00000000d9e80000)
  from space 16384K, 0% used [0x00000000dad80000,0x00000000dad80000,0x00000000dbd80000)
  to   space 15360K, 0% used [0x00000000d9e80000,0x00000000d9e80000,0x00000000dad80000)
 ParOldGen       total 121344K, used 18097K [0x0000000081800000, 0x0000000088e80000, 0x00000000d5d80000)
  object space 121344K, 14% used [0x0000000081800000,0x00000000829ac688,0x0000000088e80000)
 Metaspace       used 34679K, capacity 35192K, committed 35456K, reserved 1079296K
  class space    used 4502K, capacity 4638K, committed 4736K, reserved 1048576K
}
Event: 5.881 GC heap before
{Heap before GC invocations=9 (full 2):
 PSYoungGen      total 82944K, used 66560K [0x00000000d5d80000, 0x00000000dd680000, 0x0000000100000000)
  eden space 66560K, 100% used [0x00000000d5d80000,0x00000000d9e80000,0x00000000d9e80000)
  from space 16384K, 0% used [0x00000000dad80000,0x00000000dad80000,0x00000000dbd80000)
  to   space 15360K, 0% used [0x00000000d9e80000,0x00000000d9e80000,0x00000000dad80000)
 ParOldGen       total 121344K, used 18097K [0x0000000081800000, 0x0000000088e80000, 0x00000000d5d80000)
  object space 121344K, 14% used [0x0000000081800000,0x00000000829ac688,0x0000000088e80000)
 Metaspace       used 40434K, capacity 41078K, committed 41472K, reserved 1085440K
  class space    used 5109K, capacity 5265K, committed 5376K, reserved 1048576K
Event: 5.909 GC heap after
Heap after GC invocations=9 (full 2):
 PSYoungGen      total 81920K, used 14146K [0x00000000d5d80000, 0x00000000dd480000, 0x0000000100000000)
  eden space 66560K, 0% used [0x00000000d5d80000,0x00000000d5d80000,0x00000000d9e80000)
  from space 15360K, 92% used [0x00000000d9e80000,0x00000000dac50848,0x00000000dad80000)
  to   space 16896K, 0% used [0x00000000dc400000,0x00000000dc400000,0x00000000dd480000)
 ParOldGen       total 121344K, used 18105K [0x0000000081800000, 0x0000000088e80000, 0x00000000d5d80000)
  object space 121344K, 14% used [0x0000000081800000,0x00000000829ae688,0x0000000088e80000)
 Metaspace       used 40434K, capacity 41078K, committed 41472K, reserved 1085440K
  class space    used 5109K, capacity 5265K, committed 5376K, reserved 1048576K
}

Deoptimization events (10 events):
Event: 6.459 Thread 0x00000000003ee000 Uncommon trap: reason=bimorphic action=maybe_recompile pc=0x000000000353c2ec method=org.jetbrains.kotlin.com.intellij.psi.impl.source.tree.SharedImplUtil.findFileElement(Lorg/jetbrains/kotlin/com/intellij/lang/ASTNode;)Lorg/jetbrains/kotlin/com/intellij/l
Event: 6.459 Thread 0x00000000003ee000 Uncommon trap: reason=bimorphic action=maybe_recompile pc=0x000000000353c2ec method=org.jetbrains.kotlin.com.intellij.psi.impl.source.tree.SharedImplUtil.findFileElement(Lorg/jetbrains/kotlin/com/intellij/lang/ASTNode;)Lorg/jetbrains/kotlin/com/intellij/l
Event: 6.459 Thread 0x00000000003ee000 Uncommon trap: reason=bimorphic action=maybe_recompile pc=0x000000000353c2ec method=org.jetbrains.kotlin.com.intellij.psi.impl.source.tree.SharedImplUtil.findFileElement(Lorg/jetbrains/kotlin/com/intellij/lang/ASTNode;)Lorg/jetbrains/kotlin/com/intellij/l
Event: 6.460 Thread 0x00000000003ee000 Uncommon trap: reason=class_check action=maybe_recompile pc=0x0000000003607914 method=org.jetbrains.kotlin.com.intellij.psi.impl.source.tree.CompositeElement.getPsi()Lorg/jetbrains/kotlin/com/intellij/psi/PsiElement; @ 15
Event: 6.477 Thread 0x00000000003ee000 Uncommon trap: reason=class_check action=maybe_recompile pc=0x0000000003607914 method=org.jetbrains.kotlin.com.intellij.psi.impl.source.tree.CompositeElement.getPsi()Lorg/jetbrains/kotlin/com/intellij/psi/PsiElement; @ 15
Event: 6.480 Thread 0x00000000003ee000 Uncommon trap: reason=class_check action=maybe_recompile pc=0x0000000003607914 method=org.jetbrains.kotlin.com.intellij.psi.impl.source.tree.CompositeElement.getPsi()Lorg/jetbrains/kotlin/com/intellij/psi/PsiElement; @ 15
Event: 6.482 Thread 0x00000000003ee000 Uncommon trap: reason=bimorphic action=maybe_recompile pc=0x000000000353c2ec method=org.jetbrains.kotlin.com.intellij.psi.impl.source.tree.SharedImplUtil.findFileElement(Lorg/jetbrains/kotlin/com/intellij/lang/ASTNode;)Lorg/jetbrains/kotlin/com/intellij/l
Event: 6.489 Thread 0x00000000003ee000 Uncommon trap: reason=class_check action=maybe_recompile pc=0x0000000003607914 method=org.jetbrains.kotlin.com.intellij.psi.impl.source.tree.CompositeElement.getPsi()Lorg/jetbrains/kotlin/com/intellij/psi/PsiElement; @ 15
Event: 6.624 Thread 0x00000000003ee000 Uncommon trap: reason=unstable_if action=reinterpret pc=0x00000000032124a8 method=org.jetbrains.kotlin.com.intellij.util.keyFMap.ArrayBackedFMap.indexOf(I)I @ 8
Event: 6.624 Thread 0x00000000003ee000 Uncommon trap: reason=unstable_if action=reinterpret pc=0x00000000031dced8 method=org.jetbrains.kotlin.com.intellij.util.keyFMap.ArrayBackedFMap.indexOf(I)I @ 8

Classes redefined (0 events):
No events

Internal exceptions (10 events):
Event: 4.020 Thread 0x00000000003ee000 Exception <a 'java/lang/NoSuchMethodError': java.lang.Object.lambda$static$0(I)[Lorg/jetbrains/kotlin/psi/KtExpression;> (0x00000000d6dab638) thrown at [C:\re\workspace\8-2-build-windows-amd64-cygwin\jdk8u162\10278\hotspot\src\share\vm\interpreter\linkRes
Event: 4.634 Thread 0x00000000003ee000 Exception <a 'java/lang/NoSuchMethodError': java.lang.Object.lambda$static$0(I)[Lorg/jetbrains/kotlin/psi/KtDeclaration;> (0x00000000d64fb630) thrown at [C:\re\workspace\8-2-build-windows-amd64-cygwin\jdk8u162\10278\hotspot\src\share\vm\interpreter\linkRe
Event: 4.704 Thread 0x00000000003ee000 Exception <a 'java/lang/NoSuchMethodError': java.lang.Object.lambda$static$0(I)[Lorg/jetbrains/kotlin/psi/KtTypeElement;> (0x00000000d66c5ae0) thrown at [C:\re\workspace\8-2-build-windows-amd64-cygwin\jdk8u162\10278\hotspot\src\share\vm\interpreter\linkRe
Event: 5.624 Thread 0x00000000003ee000 Exception <a 'java/lang/NoSuchMethodError': java.lang.Object.lambda$static$0(I)[Lorg/jetbrains/kotlin/com/intellij/psi/PsiClass;> (0x00000000d94db690) thrown at [C:\re\workspace\8-2-build-windows-amd64-cygwin\jdk8u162\10278\hotspot\src\share\vm\interprete
Event: 6.208 Thread 0x00000000003ee000 Implicit null exception at 0x000000000353ec7c to 0x000000000353edd9
Event: 6.445 Thread 0x00000000003ee000 Exception <a 'java/lang/NoSuchMethodError': java.lang.Object.lambda$static$0(I)[Lorg/jetbrains/kotlin/com/intellij/psi/PsiReference;> (0x00000000d69a9ee0) thrown at [C:\re\workspace\8-2-build-windows-amd64-cygwin\jdk8u162\10278\hotspot\src\share\vm\interp
Event: 6.455 Thread 0x00000000003ee000 Exception <a 'java/lang/NoSuchMethodError': java.lang.Object.lambda$static$0(I)[Lorg/jetbrains/kotlin/com/intellij/psi/PsiTypeElement;> (0x00000000d69fd430) thrown at [C:\re\workspace\8-2-build-windows-amd64-cygwin\jdk8u162\10278\hotspot\src\share\vm\inte
Event: 6.479 Thread 0x00000000003ee000 Exception <a 'java/lang/NoSuchMethodError': java.lang.Object.lambda$static$0(I)[Lorg/jetbrains/kotlin/com/intellij/psi/PsiTypeParameter;> (0x00000000d6ae3148) thrown at [C:\re\workspace\8-2-build-windows-amd64-cygwin\jdk8u162\10278\hotspot\src\share\vm\in
Event: 6.507 Thread 0x00000000003ee000 Exception <a 'java/lang/NoSuchMethodError': java.lang.Object.lambda$static$0(I)[Lorg/jetbrains/kotlin/com/intellij/psi/PsiJavaCodeReferenceElement;> (0x00000000d6b93d68) thrown at [C:\re\workspace\8-2-build-windows-amd64-cygwin\jdk8u162\10278\hotspot\src\
Event: 6.608 Thread 0x00000000003ee000 Exception <a 'java/lang/NoSuchMethodError': java.lang.Object.lambda$static$0()Lorg/jetbrains/kotlin/com/intellij/psi/PsiSubstitutor;> (0x00000000d6ee5008) thrown at [C:\re\workspace\8-2-build-windows-amd64-cygwin\jdk8u162\10278\hotspot\src\share\vm\interp

Events (10 events):
Event: 6.627 loading class org/jetbrains/kotlin/com/intellij/psi/impl/PsiClassImplUtil$MembersMap
Event: 6.627 loading class org/jetbrains/kotlin/com/intellij/psi/impl/PsiClassImplUtil$MembersMap done
Event: 6.628 loading class org/jetbrains/kotlin/com/intellij/psi/search/GlobalSearchScope
Event: 6.628 loading class org/jetbrains/kotlin/com/intellij/psi/search/GlobalSearchScope done
Event: 6.628 loading class org/jetbrains/kotlin/com/intellij/psi/PsiClass
Event: 6.628 loading class org/jetbrains/kotlin/com/intellij/psi/PsiClass done
Event: 6.628 loading class org/jetbrains/kotlin/com/intellij/psi/PsiClass
Event: 6.628 loading class org/jetbrains/kotlin/com/intellij/psi/PsiClass done
Event: 6.628 loading class org/jetbrains/kotlin/com/intellij/psi/impl/PsiClassImplUtil$MemberType
Event: 6.628 loading class org/jetbrains/kotlin/com/intellij/psi/impl/PsiClassImplUtil$MemberType done


Dynamic libraries:
0x00007ff6abb20000 - 0x00007ff6abb57000 	D:\jdk1.8\jdk1.8\jre\bin\java.exe
0x00007ffa03ab0000 - 0x00007ffa03ca5000 	C:\windows\SYSTEM32\ntdll.dll
0x00007ffa02cb0000 - 0x00007ffa02d6d000 	C:\windows\System32\KERNEL32.DLL
0x00007ffa01740000 - 0x00007ffa01a07000 	C:\windows\System32\KERNELBASE.dll
0x00007ffa03040000 - 0x00007ffa030ea000 	C:\windows\System32\ADVAPI32.dll
0x00007ffa039d0000 - 0x00007ffa03a6e000 	C:\windows\System32\msvcrt.dll
0x00007ffa01c60000 - 0x00007ffa01cfb000 	C:\windows\System32\sechost.dll
0x00007ffa022c0000 - 0x00007ffa023e3000 	C:\windows\System32\RPCRT4.dll
0x00007ffa02e20000 - 0x00007ffa02fc0000 	C:\windows\System32\USER32.dll
0x00007ffa01300000 - 0x00007ffa01322000 	C:\windows\System32\win32u.dll
0x00007ffa02200000 - 0x00007ffa0222a000 	C:\windows\System32\GDI32.dll
0x00007ffa01600000 - 0x00007ffa0170a000 	C:\windows\System32\gdi32full.dll
0x00007ffa01510000 - 0x00007ffa015ad000 	C:\windows\System32\msvcp_win.dll
0x00007ffa01200000 - 0x00007ffa01300000 	C:\windows\System32\ucrtbase.dll
0x00007ff9eb3a0000 - 0x00007ff9eb63a000 	C:\windows\WinSxS\amd64_microsoft.windows.common-controls_6595b64144ccf1df_6.0.19041.1_none_b555e41d4684ddec\COMCTL32.dll
0x00007ffa02290000 - 0x00007ffa022c0000 	C:\windows\System32\IMM32.DLL
0x000000005f260000 - 0x000000005f331000 	D:\jdk1.8\jdk1.8\jre\bin\msvcr100.dll
0x000000005e9c0000 - 0x000000005f260000 	D:\jdk1.8\jdk1.8\jre\bin\server\jvm.dll
0x00007ffa01b40000 - 0x00007ffa01b48000 	C:\windows\System32\PSAPI.DLL
0x00007ff9fea40000 - 0x00007ff9fea49000 	C:\windows\SYSTEM32\WSOCK32.dll
0x00007ffa02190000 - 0x00007ffa021fb000 	C:\windows\System32\WS2_32.dll
0x00007ff9f6e10000 - 0x00007ff9f6e37000 	C:\windows\SYSTEM32\WINMM.dll
0x00007ff9f8760000 - 0x00007ff9f876a000 	C:\windows\SYSTEM32\VERSION.dll
0x000000005e9b0000 - 0x000000005e9bf000 	D:\jdk1.8\jdk1.8\jre\bin\verify.dll
0x000000005e980000 - 0x000000005e9a9000 	D:\jdk1.8\jdk1.8\jre\bin\java.dll
0x000000005e960000 - 0x000000005e976000 	D:\jdk1.8\jdk1.8\jre\bin\zip.dll
0x00007ffa023f0000 - 0x00007ffa02b30000 	C:\windows\System32\SHELL32.dll
0x00007ff9ff3a0000 - 0x00007ff9ffb31000 	C:\windows\SYSTEM32\windows.storage.dll
0x00007ffa01e30000 - 0x00007ffa02183000 	C:\windows\System32\combase.dll
0x00007ffa00bb0000 - 0x00007ffa00bdc000 	C:\windows\SYSTEM32\Wldp.dll
0x00007ffa01b50000 - 0x00007ffa01bfe000 	C:\windows\System32\SHCORE.dll
0x00007ffa01dd0000 - 0x00007ffa01e25000 	C:\windows\System32\shlwapi.dll
0x00007ffa01140000 - 0x00007ffa0115f000 	C:\windows\SYSTEM32\profapi.dll
0x000000005e940000 - 0x000000005e95a000 	D:\jdk1.8\jdk1.8\jre\bin\net.dll
0x00007ffa00930000 - 0x00007ffa0099a000 	C:\windows\system32\mswsock.dll
0x000000005e920000 - 0x000000005e931000 	D:\jdk1.8\jdk1.8\jre\bin\nio.dll

VM Arguments:
java_command: org.jetbrains.kotlin.cli.jvm.K2JVMCompiler -Xallow-no-source-files -classpath F:\WorkSpace\smartEnjoy\app\build\intermediates\compile_and_runtime_not_namespaced_r_class_jar\debug\R.jar;F:\WorkSpace\smartEnjoy\lib\build\intermediates\compile_library_classes_jar\debug\classes.jar;C:\Users\Administrator\.gradle\caches\transforms-2\files-2.1\d8100e3df20d082d19b444a188ac1799\multidex-1.0.3-api.jar;C:\Users\Administrator\.gradle\caches\modules-2\files-2.1\org.jetbrains.kotlin\kotlin-android-extensions-runtime\1.3.72\83423235971335be77d2ea025008bc9959738ffc\kotlin-android-extensions-runtime-1.3.72.jar;C:\Users\Administrator\.gradle\caches\modules-2\files-2.1\org.jetbrains.kotlin\kotlin-stdlib-jdk7\1.3.72\3adfc2f4ea4243e01204be8081fe63bde6b12815\kotlin-stdlib-jdk7-1.3.72.jar;C:\Users\Administrator\.gradle\caches\transforms-2\files-2.1\de8777cf7d4866cb26be7ff608849ceb\anko-commons-0.10.7-api.jar;C:\Users\Administrator\.gradle\caches\transforms-2\files-2.1\8121fe2e0f1c270797ae1eef136b36cd\commons-base-0.10.7-api.jar;C:\Users\Administrator\.gradle\caches\modules-2\files-2.1\org.jetbrains.kotlin\kotlin-stdlib\1.3.72\8032138f12c0180bc4e51fe139d4c52b46db6109\kotlin-stdlib-1.3.72.jar;C:\Users\Administrator\.gradle\caches\modules-2\files-2.1\org.jetbrains.kotlin\kotlin-stdlib-common\1.3.72\6ca8bee3d88957eaaaef077c41c908c9940492d8\kotlin-stdlib-common-1.3.72.jar;C:\Users\Administrator\.gradle\caches\modules-2\files-2.1\org.jetbrains\annotations\13.0\919f0dfe192fb4e063e7dacadee7f8bb9a2672a9\annotations-13.0.jar;C:\Users\Administrator\.gradle\caches\transforms-2\files-2.1\41b27cc20fdbe99508a215073ebf5582\citypickerview-5.2.2-api.jar;C:\Users\Administrator\.gradle\caches\transforms-2\files-2.1\353e3108c6f54254ebc71d0078a9be21\constraint-layout-2.0.1-api.jar;C:\Users\Administrator\.gradle\caches\transforms-2\files-2.1\98406b9c4d8cd6468982821687053a1f\design-28.0.0-api.jar;C:\Users\Administrator\.gradle\caches\transforms-2\files-2.1\492469529561df479dae6c04b0622ba9\rxlife
java_class_path (initial): C:\Users\Administrator\.gradle\caches\modules-2\files-2.1\org.jetbrains.kotlin\kotlin-compiler-embeddable\1.3.72\fb72232c8fa977d5e07d33c43381ddbdc5edab6\kotlin-compiler-embeddable-1.3.72.jar;C:\Users\Administrator\.gradle\caches\modules-2\files-2.1\org.jetbrains.kotlin\kotlin-reflect\1.3.72\86613e1a669a701b0c660bfd2af4f82a7ae11fca\kotlin-reflect-1.3.72.jar;C:\Users\Administrator\.gradle\caches\modules-2\files-2.1\org.jetbrains.kotlin\kotlin-stdlib\1.3.72\8032138f12c0180bc4e51fe139d4c52b46db6109\kotlin-stdlib-1.3.72.jar;C:\Users\Administrator\.gradle\caches\modules-2\files-2.1\org.jetbrains.kotlin\kotlin-script-runtime\1.3.72\657d8d34d91e1964b4439378c09933e840bfe8d5\kotlin-script-runtime-1.3.72.jar;C:\Users\Administrator\.gradle\caches\modules-2\files-2.1\org.jetbrains.kotlin\kotlin-daemon-embeddable\1.3.72\53bbaa2816dbf6bdb85f629451b1fcc88f2164d2\kotlin-daemon-embeddable-1.3.72.jar;C:\Users\Administrator\.gradle\caches\modules-2\files-2.1\org.jetbrains.intellij.deps\trove4j\1.0.20181211\216c2e14b070f334479d800987affe4054cd563f\trove4j-1.0.20181211.jar;C:\Users\Administrator\.gradle\caches\modules-2\files-2.1\org.jetbrains.kotlin\kotlin-stdlib-common\1.3.72\6ca8bee3d88957eaaaef077c41c908c9940492d8\kotlin-stdlib-common-1.3.72.jar;C:\Users\Administrator\.gradle\caches\modules-2\files-2.1\org.jetbrains\annotations\13.0\919f0dfe192fb4e063e7dacadee7f8bb9a2672a9\annotations-13.0.jar;D:\jdk1.8\jdk1.8\lib\tools.jar
Launcher Type: SUN_STANDARD

Environment Variables:
JAVA_HOME=D:\jdk1.8\jdk1.8
PATH=C:\windows\system32;C:\windows;C:\windows\System32\Wbem;C:\windows\System32\WindowsPowerShell\v1.0\;C:\windows\System32\OpenSSH\;D:\git\Git\cmd;D:\jdk1.8\jdk1.8\bin;C:\Users\Administrator\AppData\Local\Microsoft\WindowsApps;
USERNAME=Administrator
OS=Windows_NT
PROCESSOR_IDENTIFIER=Intel64 Family 6 Model 58 Stepping 9, GenuineIntel



---------------  S Y S T E M  ---------------

OS: Windows 10.0 , 64 bit Build 19041 (10.0.19041.292)

CPU:total 2 (initial active 2) (2 cores per cpu, 1 threads per core) family 6 model 58 stepping 9, cmov, cx8, fxsr, mmx, sse, sse2, sse3, ssse3, sse4.1, sse4.2, popcnt, clmul, erms, tsc, tscinvbit, tscinv

Memory: 4k page, physical 8283016k(1825356k free), swap 14837532k(5864k free)

vm_info: Java HotSpot(TM) 64-Bit Server VM (25.162-b12) for windows-amd64 JRE (1.8.0_162-b12), built on Dec 19 2017 20:00:03 by "java_re" with MS VC++ 10.0 (VS2010)

time: Thu Sep 17 09:11:27 2020
elapsed time: 6 seconds (0d 0h 0m 6s)

