#
# There is insufficient memory for the Java Runtime Environment to continue.
# Native memory allocation (malloc) failed to allocate 756656 bytes for Chunk::new
# Possible reasons:
#   The system is out of physical RAM or swap space
#   In 32 bit mode, the process size limit was hit
# Possible solutions:
#   Reduce memory load on the system
#   Increase physical memory or swap space
#   Check if swap backing store is full
#   Use 64 bit Java on a 64 bit OS
#   Decrease Java heap size (-Xmx/-Xms)
#   Decrease number of Java threads
#   Decrease Java thread stack sizes (-Xss)
#   Set larger code cache with -XX:ReservedCodeCacheSize=
# This output file may be truncated or incomplete.
#
#  Out of Memory Error (allocation.cpp:390), pid=3588, tid=0x0000000000001720
#
# JRE version: Java(TM) SE Runtime Environment (8.0_162-b12) (build 1.8.0_162-b12)
# Java VM: Java HotSpot(TM) 64-Bit Server VM (25.162-b12 mixed mode windows-amd64 compressed oops)
# Failed to write core dump. Minidumps are not enabled by default on client versions of Windows
#

---------------  T H R E A D  ---------------

Current thread (0x0000000017c1c800):  JavaThread "C2 CompilerThread0" daemon [_thread_in_native, id=5920, stack(0x0000000018ae0000,0x0000000018be0000)]

Stack: [0x0000000018ae0000,0x0000000018be0000]
[error occurred during error reporting (printing stack bounds), id 0xc0000005]

Native frames: (J=compiled Java code, j=interpreted, Vv=VM code, C=native code)


Current CompileTask:
C2:   9627 4701       4       org.jetbrains.org.objectweb.asm.ClassReader::readMethod (1047 bytes)


---------------  P R O C E S S  ---------------

Java Threads: ( => current thread )
  0x0000000018d32800 JavaThread "Service Thread" daemon [_thread_blocked, id=6576, stack(0x00000000190e0000,0x00000000191e0000)]
  0x0000000017c20000 JavaThread "C1 CompilerThread1" daemon [_thread_blocked, id=5784, stack(0x0000000018be0000,0x0000000018ce0000)]
=>0x0000000017c1c800 JavaThread "C2 CompilerThread0" daemon [_thread_in_native, id=5920, stack(0x0000000018ae0000,0x0000000018be0000)]
  0x0000000017bc7800 JavaThread "Attach Listener" daemon [_thread_blocked, id=7184, stack(0x00000000189e0000,0x0000000018ae0000)]
  0x0000000017baf800 JavaThread "Signal Dispatcher" daemon [_thread_blocked, id=1872, stack(0x00000000188e0000,0x00000000189e0000)]
  0x0000000017b9d800 JavaThread "Finalizer" daemon [_thread_blocked, id=7636, stack(0x00000000187e0000,0x00000000188e0000)]
  0x000000000329a000 JavaThread "Reference Handler" daemon [_thread_blocked, id=5224, stack(0x00000000186e0000,0x00000000187e0000)]
  0x0000000000bbe000 JavaThread "main" [_thread_in_Java, id=3692, stack(0x00000000030a0000,0x00000000031a0000)]

Other Threads:
  0x0000000017b76000 VMThread [stack: 0x00000000185e0000,0x00000000186e0000] [id=6816]
  0x0000000018d34800 WatcherThread [stack: 0x00000000191e0000,0x00000000192e0000] [id=6468]

VM state:not at safepoint (normal execution)

VM Mutex/Monitor currently owned by a thread: None

Heap:
 PSYoungGen      total 83968K, used 39534K [0x00000000d5d80000, 0x00000000ddb00000, 0x0000000100000000)
  eden space 68096K, 36% used [0x00000000d5d80000,0x00000000d75cdb78,0x00000000da000000)
  from space 15872K, 92% used [0x00000000da000000,0x00000000dae4dd38,0x00000000daf80000)
  to   space 17408K, 0% used [0x00000000dca00000,0x00000000dca00000,0x00000000ddb00000)
 ParOldGen       total 69120K, used 25892K [0x0000000081800000, 0x0000000085b80000, 0x00000000d5d80000)
  object space 69120K, 37% used [0x0000000081800000,0x00000000831492b8,0x0000000085b80000)
 Metaspace       used 45850K, capacity 46686K, committed 46848K, reserved 1089536K
  class space    used 5912K, capacity 6127K, committed 6144K, reserved 1048576K

Card table byte_map: [0x0000000012660000,0x0000000012a60000] byte_map_base: 0x0000000012254000

Marking Bits: (ParMarkBitMap*) 0x000000005f1e0860
 Begin Bits: [0x0000000012f10000, 0x0000000014eb0000)
 End Bits:   [0x0000000014eb0000, 0x0000000016e50000)

Polling page: 0x0000000000bf0000

CodeCache: size=245760Kb used=13447Kb max_used=13977Kb free=232312Kb
 bounds [0x00000000032a0000, 0x0000000004050000, 0x00000000122a0000]
 total_blobs=4959 nmethods=4503 adapters=367
 compilation: enabled

Compilation events (10 events):
Event: 9.623 Thread 0x0000000017c20000 4746       1       org.jetbrains.kotlin.resolve.lazy.descriptors.ClassResolutionScopesSupport::access$getInheritanceScopeWithMe$p (5 bytes)
Event: 9.623 Thread 0x0000000017c20000 nmethod 4746 0x0000000003462ed0 code [0x0000000003463020, 0x0000000003463110]
Event: 9.624 Thread 0x0000000017c20000 4747       3       java.util.regex.Matcher::match (109 bytes)
Event: 9.625 Thread 0x0000000017c20000 nmethod 4747 0x00000000036f36d0 code [0x00000000036f3860, 0x00000000036f3c68]
Event: 9.625 Thread 0x0000000017c20000 4748       1       org.jetbrains.kotlin.load.java.structure.impl.classFiles.PlainJavaClassifierType::getAnnotations (5 bytes)
Event: 9.625 Thread 0x0000000017c20000 nmethod 4748 0x0000000003464890 code [0x00000000034649e0, 0x0000000003464af0]
Event: 9.625 Thread 0x0000000017c20000 4749       1       org.jetbrains.kotlin.load.java.structure.impl.classFiles.PlainJavaClassifierType::isDeprecatedInJavaDoc (2 bytes)
Event: 9.625 Thread 0x0000000017c20000 nmethod 4749 0x00000000036f3350 code [0x00000000036f34a0, 0x00000000036f35b0]
Event: 9.626 Thread 0x0000000017c20000 4750       3       kotlin.sequences.SequencesKt___SequencesKt::filterNot (27 bytes)
Event: 9.626 Thread 0x0000000017c20000 nmethod 4750 0x00000000035b03d0 code [0x00000000035b05a0, 0x00000000035b0b78]

GC Heap History (10 events):
Event: 3.821 GC heap before
{Heap before GC invocations=5 (full 1):
 PSYoungGen      total 38400K, used 33280K [0x00000000d5d80000, 0x00000000da880000, 0x0000000100000000)
  eden space 33280K, 100% used [0x00000000d5d80000,0x00000000d7e00000,0x00000000d7e00000)
  from space 5120K, 0% used [0x00000000d7e00000,0x00000000d7e00000,0x00000000d8300000)
  to   space 5120K, 0% used [0x00000000da380000,0x00000000da380000,0x00000000da880000)
 ParOldGen       total 69120K, used 9744K [0x0000000081800000, 0x0000000085b80000, 0x00000000d5d80000)
  object space 69120K, 14% used [0x0000000081800000,0x0000000082184060,0x0000000085b80000)
 Metaspace       used 23827K, capacity 24335K, committed 24576K, reserved 1071104K
  class space    used 2896K, capacity 3056K, committed 3072K, reserved 1048576K
Event: 3.861 GC heap after
Heap after GC invocations=5 (full 1):
 PSYoungGen      total 52736K, used 5106K [0x00000000d5d80000, 0x00000000da880000, 0x0000000100000000)
  eden space 47616K, 0% used [0x00000000d5d80000,0x00000000d5d80000,0x00000000d8c00000)
  from space 5120K, 99% used [0x00000000da380000,0x00000000da87c8c0,0x00000000da880000)
  to   space 5120K, 0% used [0x00000000d9e80000,0x00000000d9e80000,0x00000000da380000)
 ParOldGen       total 69120K, used 11482K [0x0000000081800000, 0x0000000085b80000, 0x00000000d5d80000)
  object space 69120K, 16% used [0x0000000081800000,0x0000000082336a68,0x0000000085b80000)
 Metaspace       used 23827K, capacity 24335K, committed 24576K, reserved 1071104K
  class space    used 2896K, capacity 3056K, committed 3072K, reserved 1048576K
}
Event: 5.395 GC heap before
{Heap before GC invocations=6 (full 1):
 PSYoungGen      total 52736K, used 52722K [0x00000000d5d80000, 0x00000000da880000, 0x0000000100000000)
  eden space 47616K, 100% used [0x00000000d5d80000,0x00000000d8c00000,0x00000000d8c00000)
  from space 5120K, 99% used [0x00000000da380000,0x00000000da87c8c0,0x00000000da880000)
  to   space 5120K, 0% used [0x00000000d9e80000,0x00000000d9e80000,0x00000000da380000)
 ParOldGen       total 69120K, used 11482K [0x0000000081800000, 0x0000000085b80000, 0x00000000d5d80000)
  object space 69120K, 16% used [0x0000000081800000,0x0000000082336a68,0x0000000085b80000)
 Metaspace       used 31851K, capacity 32404K, committed 32768K, reserved 1077248K
  class space    used 4098K, capacity 4246K, committed 4352K, reserved 1048576K
Event: 5.417 GC heap after
Heap after GC invocations=6 (full 1):
 PSYoungGen      total 71680K, used 5118K [0x00000000d5d80000, 0x00000000dbf80000, 0x0000000100000000)
  eden space 66560K, 0% used [0x00000000d5d80000,0x00000000d5d80000,0x00000000d9e80000)
  from space 5120K, 99% used [0x00000000d9e80000,0x00000000da37faf8,0x00000000da380000)
  to   space 16384K, 0% used [0x00000000daf80000,0x00000000daf80000,0x00000000dbf80000)
 ParOldGen       total 69120K, used 23211K [0x0000000081800000, 0x0000000085b80000, 0x00000000d5d80000)
  object space 69120K, 33% used [0x0000000081800000,0x0000000082eaadc0,0x0000000085b80000)
 Metaspace       used 31851K, capacity 32404K, committed 32768K, reserved 1077248K
  class space    used 4098K, capacity 4246K, committed 4352K, reserved 1048576K
}
Event: 6.250 GC heap before
{Heap before GC invocations=7 (full 1):
 PSYoungGen      total 71680K, used 21622K [0x00000000d5d80000, 0x00000000dbf80000, 0x0000000100000000)
  eden space 66560K, 24% used [0x00000000d5d80000,0x00000000d6d9dd60,0x00000000d9e80000)
  from space 5120K, 99% used [0x00000000d9e80000,0x00000000da37faf8,0x00000000da380000)
  to   space 16384K, 0% used [0x00000000daf80000,0x00000000daf80000,0x00000000dbf80000)
 ParOldGen       total 69120K, used 23211K [0x0000000081800000, 0x0000000085b80000, 0x00000000d5d80000)
  object space 69120K, 33% used [0x0000000081800000,0x0000000082eaadc0,0x0000000085b80000)
 Metaspace       used 34662K, capacity 35192K, committed 35456K, reserved 1079296K
  class space    used 4501K, capacity 4638K, committed 4736K, reserved 1048576K
Event: 6.263 GC heap after
Heap after GC invocations=7 (full 1):
 PSYoungGen      total 84480K, used 9699K [0x00000000d5d80000, 0x00000000dd880000, 0x0000000100000000)
  eden space 68096K, 0% used [0x00000000d5d80000,0x00000000d5d80000,0x00000000da000000)
  from space 16384K, 59% used [0x00000000daf80000,0x00000000db8f8eb8,0x00000000dbf80000)
  to   space 15872K, 0% used [0x00000000da000000,0x00000000da000000,0x00000000daf80000)
 ParOldGen       total 69120K, used 23219K [0x0000000081800000, 0x0000000085b80000, 0x00000000d5d80000)
  object space 69120K, 33% used [0x0000000081800000,0x0000000082eacdc0,0x0000000085b80000)
 Metaspace       used 34662K, capacity 35192K, committed 35456K, reserved 1079296K
  class space    used 4501K, capacity 4638K, committed 4736K, reserved 1048576K
}
Event: 6.263 GC heap before
{Heap before GC invocations=8 (full 2):
 PSYoungGen      total 84480K, used 9699K [0x00000000d5d80000, 0x00000000dd880000, 0x0000000100000000)
  eden space 68096K, 0% used [0x00000000d5d80000,0x00000000d5d80000,0x00000000da000000)
  from space 16384K, 59% used [0x00000000daf80000,0x00000000db8f8eb8,0x00000000dbf80000)
  to   space 15872K, 0% used [0x00000000da000000,0x00000000da000000,0x00000000daf80000)
 ParOldGen       total 69120K, used 23219K [0x0000000081800000, 0x0000000085b80000, 0x00000000d5d80000)
  object space 69120K, 33% used [0x0000000081800000,0x0000000082eacdc0,0x0000000085b80000)
 Metaspace       used 34662K, capacity 35192K, committed 35456K, reserved 1079296K
  class space    used 4501K, capacity 4638K, committed 4736K, reserved 1048576K
Event: 6.391 GC heap after
Heap after GC invocations=8 (full 2):
 PSYoungGen      total 84480K, used 0K [0x00000000d5d80000, 0x00000000dd880000, 0x0000000100000000)
  eden space 68096K, 0% used [0x00000000d5d80000,0x00000000d5d80000,0x00000000da000000)
  from space 16384K, 0% used [0x00000000daf80000,0x00000000daf80000,0x00000000dbf80000)
  to   space 15872K, 0% used [0x00000000da000000,0x00000000da000000,0x00000000daf80000)
 ParOldGen       total 69120K, used 25892K [0x0000000081800000, 0x0000000085b80000, 0x00000000d5d80000)
  object space 69120K, 37% used [0x0000000081800000,0x00000000831492b8,0x0000000085b80000)
 Metaspace       used 34662K, capacity 35192K, committed 35456K, reserved 1079296K
  class space    used 4501K, capacity 4638K, committed 4736K, reserved 1048576K
}
Event: 8.433 GC heap before
{Heap before GC invocations=9 (full 2):
 PSYoungGen      total 84480K, used 68096K [0x00000000d5d80000, 0x00000000dd880000, 0x0000000100000000)
  eden space 68096K, 100% used [0x00000000d5d80000,0x00000000da000000,0x00000000da000000)
  from space 16384K, 0% used [0x00000000daf80000,0x00000000daf80000,0x00000000dbf80000)
  to   space 15872K, 0% used [0x00000000da000000,0x00000000da000000,0x00000000daf80000)
 ParOldGen       total 69120K, used 25892K [0x0000000081800000, 0x0000000085b80000, 0x00000000d5d80000)
  object space 69120K, 37% used [0x0000000081800000,0x00000000831492b8,0x0000000085b80000)
 Metaspace       used 40544K, capacity 41246K, committed 41472K, reserved 1085440K
  class space    used 5114K, capacity 5271K, committed 5376K, reserved 1048576K
Event: 8.465 GC heap after
Heap after GC invocations=9 (full 2):
 PSYoungGen      total 83968K, used 14647K [0x00000000d5d80000, 0x00000000ddb00000, 0x0000000100000000)
  eden space 68096K, 0% used [0x00000000d5d80000,0x00000000d5d80000,0x00000000da000000)
  from space 15872K, 92% used [0x00000000da000000,0x00000000dae4dd38,0x00000000daf80000)
  to   space 17408K, 0% used [0x00000000dca00000,0x00000000dca00000,0x00000000ddb00000)
 ParOldGen       total 69120K, used 25892K [0x0000000081800000, 0x0000000085b80000, 0x00000000d5d80000)
  object space 69120K, 37% used [0x0000000081800000,0x00000000831492b8,0x0000000085b80000)
 Metaspace       used 40544K, capacity 41246K, committed 41472K, reserved 1085440K
  class space    used 5114K, capacity 5271K, committed 5376K, reserved 1048576K
}

Deoptimization events (10 events):
Event: 9.005 Thread 0x0000000000bbe000 Uncommon trap: reason=class_check action=maybe_recompile pc=0x0000000003b55cb4 method=org.jetbrains.kotlin.com.intellij.psi.impl.source.tree.SharedImplUtil.findFileElement(Lorg/jetbrains/kotlin/com/intellij/lang/ASTNode;)Lorg/jetbrains/kotlin/com/intellij
Event: 9.005 Thread 0x0000000000bbe000 Uncommon trap: reason=class_check action=maybe_recompile pc=0x0000000003b55cb4 method=org.jetbrains.kotlin.com.intellij.psi.impl.source.tree.SharedImplUtil.findFileElement(Lorg/jetbrains/kotlin/com/intellij/lang/ASTNode;)Lorg/jetbrains/kotlin/com/intellij
Event: 9.005 Thread 0x0000000000bbe000 Uncommon trap: reason=class_check action=maybe_recompile pc=0x0000000003b55cb4 method=org.jetbrains.kotlin.com.intellij.psi.impl.source.tree.SharedImplUtil.findFileElement(Lorg/jetbrains/kotlin/com/intellij/lang/ASTNode;)Lorg/jetbrains/kotlin/com/intellij
Event: 9.005 Thread 0x0000000000bbe000 Uncommon trap: reason=class_check action=maybe_recompile pc=0x0000000003b55cb4 method=org.jetbrains.kotlin.com.intellij.psi.impl.source.tree.SharedImplUtil.findFileElement(Lorg/jetbrains/kotlin/com/intellij/lang/ASTNode;)Lorg/jetbrains/kotlin/com/intellij
Event: 9.006 Thread 0x0000000000bbe000 Uncommon trap: reason=class_check action=maybe_recompile pc=0x0000000003f0fc98 method=org.jetbrains.kotlin.com.intellij.psi.impl.source.tree.CompositeElement.getPsi()Lorg/jetbrains/kotlin/com/intellij/psi/PsiElement; @ 15
Event: 9.025 Thread 0x0000000000bbe000 Uncommon trap: reason=class_check action=maybe_recompile pc=0x0000000003f0fc98 method=org.jetbrains.kotlin.com.intellij.psi.impl.source.tree.CompositeElement.getPsi()Lorg/jetbrains/kotlin/com/intellij/psi/PsiElement; @ 15
Event: 9.029 Thread 0x0000000000bbe000 Uncommon trap: reason=class_check action=maybe_recompile pc=0x0000000003f0fc98 method=org.jetbrains.kotlin.com.intellij.psi.impl.source.tree.CompositeElement.getPsi()Lorg/jetbrains/kotlin/com/intellij/psi/PsiElement; @ 15
Event: 9.038 Thread 0x0000000000bbe000 Uncommon trap: reason=class_check action=maybe_recompile pc=0x0000000003f0fc98 method=org.jetbrains.kotlin.com.intellij.psi.impl.source.tree.CompositeElement.getPsi()Lorg/jetbrains/kotlin/com/intellij/psi/PsiElement; @ 15
Event: 9.230 Thread 0x0000000000bbe000 Uncommon trap: reason=unstable_if action=reinterpret pc=0x0000000003b5dfa8 method=org.jetbrains.kotlin.com.intellij.util.keyFMap.ArrayBackedFMap.indexOf(I)I @ 8
Event: 9.230 Thread 0x0000000000bbe000 Uncommon trap: reason=unstable_if action=reinterpret pc=0x0000000003b58c98 method=org.jetbrains.kotlin.com.intellij.util.keyFMap.ArrayBackedFMap.indexOf(I)I @ 8

Classes redefined (0 events):
No events

Internal exceptions (10 events):
Event: 8.035 Thread 0x0000000000bbe000 Exception <a 'java/lang/NoSuchMethodError': java.lang.Object.lambda$static$0(I)[Lorg/jetbrains/kotlin/com/intellij/psi/PsiClass;> (0x00000000d94dce38) thrown at [C:\re\workspace\8-2-build-windows-amd64-cygwin\jdk8u162\10278\hotspot\src\share\vm\interprete
Event: 8.989 Thread 0x0000000000bbe000 Exception <a 'java/lang/NoSuchMethodError': java.lang.Object.lambda$static$0(I)[Lorg/jetbrains/kotlin/com/intellij/psi/PsiReference;> (0x00000000d6815c20) thrown at [C:\re\workspace\8-2-build-windows-amd64-cygwin\jdk8u162\10278\hotspot\src\share\vm\interp
Event: 8.999 Thread 0x0000000000bbe000 Exception <a 'java/lang/NoSuchMethodError': java.lang.Object.lambda$static$0(I)[Lorg/jetbrains/kotlin/com/intellij/psi/PsiTypeElement;> (0x00000000d6868fe8) thrown at [C:\re\workspace\8-2-build-windows-amd64-cygwin\jdk8u162\10278\hotspot\src\share\vm\inte
Event: 9.027 Thread 0x0000000000bbe000 Exception <a 'java/lang/NoSuchMethodError': java.lang.Object.lambda$static$0(I)[Lorg/jetbrains/kotlin/com/intellij/psi/PsiTypeParameter;> (0x00000000d694e998) thrown at [C:\re\workspace\8-2-build-windows-amd64-cygwin\jdk8u162\10278\hotspot\src\share\vm\in
Event: 9.054 Thread 0x0000000000bbe000 Exception <a 'java/lang/NoSuchMethodError': java.lang.Object.lambda$static$0(I)[Lorg/jetbrains/kotlin/com/intellij/psi/PsiJavaCodeReferenceElement;> (0x00000000d69ff4c8) thrown at [C:\re\workspace\8-2-build-windows-amd64-cygwin\jdk8u162\10278\hotspot\src\
Event: 9.200 Thread 0x0000000000bbe000 Exception <a 'java/lang/NoSuchMethodError': java.lang.Object.lambda$static$0()Lorg/jetbrains/kotlin/com/intellij/psi/PsiSubstitutor;> (0x00000000d6d4b028) thrown at [C:\re\workspace\8-2-build-windows-amd64-cygwin\jdk8u162\10278\hotspot\src\share\vm\interp
Event: 9.244 Thread 0x0000000000bbe000 Exception <a 'java/lang/NoSuchMethodError': java.lang.Object.lambda$static$0(I)[Lorg/jetbrains/kotlin/com/intellij/psi/PsiImportStatementBase;> (0x00000000d6e59ce0) thrown at [C:\re\workspace\8-2-build-windows-amd64-cygwin\jdk8u162\10278\hotspot\src\share
Event: 9.262 Thread 0x0000000000bbe000 Exception <a 'java/lang/NoSuchMethodError': java.lang.Object.lambda$static$0(I)[Lorg/jetbrains/kotlin/com/intellij/psi/PsiMethod;> (0x00000000d6ee3c40) thrown at [C:\re\workspace\8-2-build-windows-amd64-cygwin\jdk8u162\10278\hotspot\src\share\vm\interpret
Event: 9.271 Thread 0x0000000000bbe000 Exception <a 'java/lang/NoSuchMethodError': java.lang.Object.lambda$static$0(I)[Lorg/jetbrains/kotlin/com/intellij/psi/PsiField;> (0x00000000d6f378c0) thrown at [C:\re\workspace\8-2-build-windows-amd64-cygwin\jdk8u162\10278\hotspot\src\share\vm\interprete
Event: 9.279 Thread 0x0000000000bbe000 Exception <a 'java/lang/NoSuchMethodError': java.lang.Object.lambda$static$0(I)[Lorg/jetbrains/kotlin/com/intellij/psi/PsiParameter;> (0x00000000d6f549a8) thrown at [C:\re\workspace\8-2-build-windows-amd64-cygwin\jdk8u162\10278\hotspot\src\share\vm\interp

Events (10 events):
Event: 9.621 loading class org/jetbrains/kotlin/psi/KtObjectDeclaration
Event: 9.621 loading class org/jetbrains/kotlin/psi/KtObjectDeclaration done
Event: 9.622 loading class org/jetbrains/kotlin/psi/KtObjectDeclaration
Event: 9.622 loading class org/jetbrains/kotlin/psi/KtObjectDeclaration done
Event: 9.622 loading class org/jetbrains/kotlin/psi/KtObjectDeclaration
Event: 9.622 loading class org/jetbrains/kotlin/psi/KtObjectDeclaration done
Event: 9.623 loading class org/jetbrains/kotlin/resolve/scopes/DescriptorKindExclude$NonExtensions
Event: 9.623 loading class org/jetbrains/kotlin/resolve/scopes/DescriptorKindExclude$NonExtensions done
Event: 9.623 loading class org/jetbrains/kotlin/resolve/scopes/DescriptorKindExclude
Event: 9.623 loading class org/jetbrains/kotlin/resolve/scopes/DescriptorKindExclude done


Dynamic libraries:
0x00007ff6abb20000 - 0x00007ff6abb57000 	D:\jdk1.8\jdk1.8\jre\bin\java.exe
0x00007ffa03ab0000 - 0x00007ffa03ca5000 	C:\windows\SYSTEM32\ntdll.dll
0x00007ffa02cb0000 - 0x00007ffa02d6d000 	C:\windows\System32\KERNEL32.DLL
0x00007ffa01740000 - 0x00007ffa01a07000 	C:\windows\System32\KERNELBASE.dll
0x00007ffa03040000 - 0x00007ffa030ea000 	C:\windows\System32\ADVAPI32.dll
0x00007ffa039d0000 - 0x00007ffa03a6e000 	C:\windows\System32\msvcrt.dll
0x00007ffa01c60000 - 0x00007ffa01cfb000 	C:\windows\System32\sechost.dll
0x00007ffa022c0000 - 0x00007ffa023e3000 	C:\windows\System32\RPCRT4.dll
0x00007ffa02e20000 - 0x00007ffa02fc0000 	C:\windows\System32\USER32.dll
0x00007ffa01300000 - 0x00007ffa01322000 	C:\windows\System32\win32u.dll
0x00007ffa02200000 - 0x00007ffa0222a000 	C:\windows\System32\GDI32.dll
0x00007ffa01600000 - 0x00007ffa0170a000 	C:\windows\System32\gdi32full.dll
0x00007ffa01510000 - 0x00007ffa015ad000 	C:\windows\System32\msvcp_win.dll
0x00007ffa01200000 - 0x00007ffa01300000 	C:\windows\System32\ucrtbase.dll
0x00007ff9eb3a0000 - 0x00007ff9eb63a000 	C:\windows\WinSxS\amd64_microsoft.windows.common-controls_6595b64144ccf1df_6.0.19041.1_none_b555e41d4684ddec\COMCTL32.dll
0x00007ffa02290000 - 0x00007ffa022c0000 	C:\windows\System32\IMM32.DLL
0x000000005f260000 - 0x000000005f331000 	D:\jdk1.8\jdk1.8\jre\bin\msvcr100.dll
0x000000005e9c0000 - 0x000000005f260000 	D:\jdk1.8\jdk1.8\jre\bin\server\jvm.dll
0x00007ffa01b40000 - 0x00007ffa01b48000 	C:\windows\System32\PSAPI.DLL
0x00007ff9fea40000 - 0x00007ff9fea49000 	C:\windows\SYSTEM32\WSOCK32.dll
0x00007ffa02190000 - 0x00007ffa021fb000 	C:\windows\System32\WS2_32.dll
0x00007ff9f6e10000 - 0x00007ff9f6e37000 	C:\windows\SYSTEM32\WINMM.dll
0x00007ff9f8760000 - 0x00007ff9f876a000 	C:\windows\SYSTEM32\VERSION.dll
0x000000005e9b0000 - 0x000000005e9bf000 	D:\jdk1.8\jdk1.8\jre\bin\verify.dll
0x000000005e980000 - 0x000000005e9a9000 	D:\jdk1.8\jdk1.8\jre\bin\java.dll
0x000000005e960000 - 0x000000005e976000 	D:\jdk1.8\jdk1.8\jre\bin\zip.dll
0x00007ffa023f0000 - 0x00007ffa02b30000 	C:\windows\System32\SHELL32.dll
0x00007ff9ff3a0000 - 0x00007ff9ffb31000 	C:\windows\SYSTEM32\windows.storage.dll
0x00007ffa01e30000 - 0x00007ffa02183000 	C:\windows\System32\combase.dll
0x00007ffa00bb0000 - 0x00007ffa00bdc000 	C:\windows\SYSTEM32\Wldp.dll
0x00007ffa01b50000 - 0x00007ffa01bfe000 	C:\windows\System32\SHCORE.dll
0x00007ffa01dd0000 - 0x00007ffa01e25000 	C:\windows\System32\shlwapi.dll
0x00007ffa01140000 - 0x00007ffa0115f000 	C:\windows\SYSTEM32\profapi.dll
0x000000005e940000 - 0x000000005e95a000 	D:\jdk1.8\jdk1.8\jre\bin\net.dll
0x00007ffa00930000 - 0x00007ffa0099a000 	C:\windows\system32\mswsock.dll
0x000000005e920000 - 0x000000005e931000 	D:\jdk1.8\jdk1.8\jre\bin\nio.dll

VM Arguments:
java_command: org.jetbrains.kotlin.cli.jvm.K2JVMCompiler -Xallow-no-source-files -classpath F:\WorkSpace\smartEnjoy\app\build\intermediates\compile_and_runtime_not_namespaced_r_class_jar\debug\R.jar;F:\WorkSpace\smartEnjoy\lib\build\intermediates\compile_library_classes_jar\debug\classes.jar;C:\Users\Administrator\.gradle\caches\transforms-2\files-2.1\d8100e3df20d082d19b444a188ac1799\multidex-1.0.3-api.jar;C:\Users\Administrator\.gradle\caches\modules-2\files-2.1\org.jetbrains.kotlin\kotlin-android-extensions-runtime\1.3.72\83423235971335be77d2ea025008bc9959738ffc\kotlin-android-extensions-runtime-1.3.72.jar;C:\Users\Administrator\.gradle\caches\modules-2\files-2.1\org.jetbrains.kotlin\kotlin-stdlib-jdk7\1.3.72\3adfc2f4ea4243e01204be8081fe63bde6b12815\kotlin-stdlib-jdk7-1.3.72.jar;C:\Users\Administrator\.gradle\caches\transforms-2\files-2.1\de8777cf7d4866cb26be7ff608849ceb\anko-commons-0.10.7-api.jar;C:\Users\Administrator\.gradle\caches\transforms-2\files-2.1\8121fe2e0f1c270797ae1eef136b36cd\commons-base-0.10.7-api.jar;C:\Users\Administrator\.gradle\caches\modules-2\files-2.1\org.jetbrains.kotlin\kotlin-stdlib\1.3.72\8032138f12c0180bc4e51fe139d4c52b46db6109\kotlin-stdlib-1.3.72.jar;C:\Users\Administrator\.gradle\caches\modules-2\files-2.1\org.jetbrains.kotlin\kotlin-stdlib-common\1.3.72\6ca8bee3d88957eaaaef077c41c908c9940492d8\kotlin-stdlib-common-1.3.72.jar;C:\Users\Administrator\.gradle\caches\modules-2\files-2.1\org.jetbrains\annotations\13.0\919f0dfe192fb4e063e7dacadee7f8bb9a2672a9\annotations-13.0.jar;C:\Users\Administrator\.gradle\caches\transforms-2\files-2.1\41b27cc20fdbe99508a215073ebf5582\citypickerview-5.2.2-api.jar;C:\Users\Administrator\.gradle\caches\transforms-2\files-2.1\353e3108c6f54254ebc71d0078a9be21\constraint-layout-2.0.1-api.jar;C:\Users\Administrator\.gradle\caches\transforms-2\files-2.1\98406b9c4d8cd6468982821687053a1f\design-28.0.0-api.jar;C:\Users\Administrator\.gradle\caches\transforms-2\files-2.1\492469529561df479dae6c04b0622ba9\rxlife
java_class_path (initial): C:\Users\Administrator\.gradle\caches\modules-2\files-2.1\org.jetbrains.kotlin\kotlin-compiler-embeddable\1.3.72\fb72232c8fa977d5e07d33c43381ddbdc5edab6\kotlin-compiler-embeddable-1.3.72.jar;C:\Users\Administrator\.gradle\caches\modules-2\files-2.1\org.jetbrains.kotlin\kotlin-reflect\1.3.72\86613e1a669a701b0c660bfd2af4f82a7ae11fca\kotlin-reflect-1.3.72.jar;C:\Users\Administrator\.gradle\caches\modules-2\files-2.1\org.jetbrains.kotlin\kotlin-stdlib\1.3.72\8032138f12c0180bc4e51fe139d4c52b46db6109\kotlin-stdlib-1.3.72.jar;C:\Users\Administrator\.gradle\caches\modules-2\files-2.1\org.jetbrains.kotlin\kotlin-script-runtime\1.3.72\657d8d34d91e1964b4439378c09933e840bfe8d5\kotlin-script-runtime-1.3.72.jar;C:\Users\Administrator\.gradle\caches\modules-2\files-2.1\org.jetbrains.kotlin\kotlin-daemon-embeddable\1.3.72\53bbaa2816dbf6bdb85f629451b1fcc88f2164d2\kotlin-daemon-embeddable-1.3.72.jar;C:\Users\Administrator\.gradle\caches\modules-2\files-2.1\org.jetbrains.intellij.deps\trove4j\1.0.20181211\216c2e14b070f334479d800987affe4054cd563f\trove4j-1.0.20181211.jar;C:\Users\Administrator\.gradle\caches\modules-2\files-2.1\org.jetbrains.kotlin\kotlin-stdlib-common\1.3.72\6ca8bee3d88957eaaaef077c41c908c9940492d8\kotlin-stdlib-common-1.3.72.jar;C:\Users\Administrator\.gradle\caches\modules-2\files-2.1\org.jetbrains\annotations\13.0\919f0dfe192fb4e063e7dacadee7f8bb9a2672a9\annotations-13.0.jar;D:\jdk1.8\jdk1.8\lib\tools.jar
Launcher Type: SUN_STANDARD

Environment Variables:
JAVA_HOME=D:\jdk1.8\jdk1.8
PATH=C:\windows\system32;C:\windows;C:\windows\System32\Wbem;C:\windows\System32\WindowsPowerShell\v1.0\;C:\windows\System32\OpenSSH\;D:\git\Git\cmd;D:\jdk1.8\jdk1.8\bin;C:\Users\Administrator\AppData\Local\Microsoft\WindowsApps;
USERNAME=Administrator
OS=Windows_NT
PROCESSOR_IDENTIFIER=Intel64 Family 6 Model 58 Stepping 9, GenuineIntel



---------------  S Y S T E M  ---------------

OS: Windows 10.0 , 64 bit Build 19041 (10.0.19041.292)

CPU:total 2 (initial active 2) (2 cores per cpu, 1 threads per core) family 6 model 58 stepping 9, cmov, cx8, fxsr, mmx, sse, sse2, sse3, ssse3, sse4.1, sse4.2, popcnt, clmul, erms, tsc, tscinvbit, tscinv

Memory: 4k page, physical 8283016k(1621304k free), swap 14837532k(4152k free)

vm_info: Java HotSpot(TM) 64-Bit Server VM (25.162-b12) for windows-amd64 JRE (1.8.0_162-b12), built on Dec 19 2017 20:00:03 by "java_re" with MS VC++ 10.0 (VS2010)

time: Thu Sep 17 09:14:13 2020
elapsed time: 9 seconds (0d 0h 0m 9s)

