#
# There is insufficient memory for the Java Runtime Environment to continue.
# Native memory allocation (malloc) failed to allocate 1003088 bytes for Chunk::new
# Possible reasons:
#   The system is out of physical RAM or swap space
#   In 32 bit mode, the process size limit was hit
# Possible solutions:
#   Reduce memory load on the system
#   Increase physical memory or swap space
#   Check if swap backing store is full
#   Use 64 bit Java on a 64 bit OS
#   Decrease Java heap size (-Xmx/-Xms)
#   Decrease number of Java threads
#   Decrease Java thread stack sizes (-Xss)
#   Set larger code cache with -XX:ReservedCodeCacheSize=
# This output file may be truncated or incomplete.
#
#  Out of Memory Error (allocation.cpp:390), pid=6584, tid=0x0000000000001498
#
# JRE version: Java(TM) SE Runtime Environment (8.0_162-b12) (build 1.8.0_162-b12)
# Java VM: Java HotSpot(TM) 64-Bit Server VM (25.162-b12 mixed mode windows-amd64 compressed oops)
# Failed to write core dump. Minidumps are not enabled by default on client versions of Windows
#

---------------  T H R E A D  ---------------

Current thread (0x000000001713d000):  JavaThread "C2 CompilerThread0" daemon [_thread_in_native, id=5272, stack(0x0000000018060000,0x0000000018160000)]

Stack: [0x0000000018060000,0x0000000018160000]
[error occurred during error reporting (printing stack bounds), id 0xc0000005]

Native frames: (J=compiled Java code, j=interpreted, Vv=VM code, C=native code)


Current CompileTask:
C2:  17892 10186       4       org.jetbrains.kotlin.load.java.typeEnhancement.TypeEnhancementKt::enhanceInflexible (646 bytes)


---------------  P R O C E S S  ---------------

Java Threads: ( => current thread )
  0x000000001716e000 JavaThread "Service Thread" daemon [_thread_blocked, id=1488, stack(0x0000000018660000,0x0000000018760000)]
  0x0000000017144800 JavaThread "C1 CompilerThread1" daemon [_thread_in_vm, id=6248, stack(0x0000000018160000,0x0000000018260000)]
=>0x000000001713d000 JavaThread "C2 CompilerThread0" daemon [_thread_in_native, id=5272, stack(0x0000000018060000,0x0000000018160000)]
  0x00000000170e7000 JavaThread "Attach Listener" daemon [_thread_blocked, id=7152, stack(0x0000000017f60000,0x0000000018060000)]
  0x000000001713b000 JavaThread "Signal Dispatcher" daemon [_thread_blocked, id=3780, stack(0x0000000017e60000,0x0000000017f60000)]
  0x00000000170bd800 JavaThread "Finalizer" daemon [_thread_blocked, id=5592, stack(0x0000000017d00000,0x0000000017e00000)]
  0x00000000027ba000 JavaThread "Reference Handler" daemon [_thread_blocked, id=7048, stack(0x0000000017c00000,0x0000000017d00000)]
  0x00000000026be000 JavaThread "main" [_thread_in_Java, id=7576, stack(0x0000000002570000,0x0000000002670000)]

Other Threads:
  0x0000000017096000 VMThread [stack: 0x0000000017b00000,0x0000000017c00000] [id=2844]
  0x00000000182b6000 WatcherThread [stack: 0x0000000018760000,0x0000000018860000] [id=6604]

VM state:not at safepoint (normal execution)

VM Mutex/Monitor currently owned by a thread: None

Heap:
 PSYoungGen      total 131072K, used 43181K [0x00000000d5d80000, 0x00000000df800000, 0x0000000100000000)
  eden space 107008K, 28% used [0x00000000d5d80000,0x00000000d7ac7e28,0x00000000dc600000)
  from space 24064K, 54% used [0x00000000dc600000,0x00000000dd2e39c8,0x00000000ddd80000)
  to   space 18432K, 0% used [0x00000000ddd80000,0x00000000ddd80000,0x00000000def80000)
 ParOldGen       total 105984K, used 65483K [0x0000000081800000, 0x0000000087f80000, 0x00000000d5d80000)
  object space 105984K, 61% used [0x0000000081800000,0x00000000857f2ef8,0x0000000087f80000)
 Metaspace       used 57094K, capacity 58366K, committed 58624K, reserved 1099776K
  class space    used 7022K, capacity 7339K, committed 7424K, reserved 1048576K

Card table byte_map: [0x0000000011b80000,0x0000000011f80000] byte_map_base: 0x0000000011774000

Marking Bits: (ParMarkBitMap*) 0x000000005f1e0860
 Begin Bits: [0x0000000012430000, 0x00000000143d0000)
 End Bits:   [0x00000000143d0000, 0x0000000016370000)

Polling page: 0x00000000008e0000

CodeCache: size=245760Kb used=26807Kb max_used=26807Kb free=218952Kb
 bounds [0x00000000027c0000, 0x0000000004210000, 0x00000000117c0000]
 total_blobs=9411 nmethods=8927 adapters=395
 compilation: enabled

Compilation events (10 events):
Event: 17.859 Thread 0x0000000017144800 nmethod 10254% 0x0000000004204650 code [0x0000000004204880, 0x0000000004205358]
Event: 17.859 Thread 0x0000000017144800 10255       3       org.jetbrains.kotlin.resolve.scopes.ChainedMemberScope::getContributedVariables (125 bytes)
Event: 17.860 Thread 0x0000000017144800 nmethod 10255 0x0000000004205810 code [0x0000000004205a40, 0x0000000004206478]
Event: 17.863 Thread 0x0000000017144800 10256       2       org.jetbrains.kotlin.psi.KtVisitor::visitStringTemplateExpression (16 bytes)
Event: 17.863 Thread 0x0000000017144800 nmethod 10256 0x0000000004206910 code [0x0000000004206a80, 0x0000000004206c38]
Event: 17.874 Thread 0x0000000017144800 10257       2       org.jetbrains.kotlin.parsing.KotlinExpressionParsing::doneOrDrop (37 bytes)
Event: 17.874 Thread 0x0000000017144800 nmethod 10257 0x0000000004206d10 code [0x0000000004206ea0, 0x0000000004207118]
Event: 17.887 Thread 0x0000000017144800 10259       2       org.jetbrains.kotlin.types.expressions.ExpressionTypingServices::getBlockReturnedType (192 bytes)
Event: 17.888 Thread 0x0000000017144800 nmethod 10259 0x0000000004207350 code [0x00000000042075c0, 0x0000000004207d38]
Event: 17.890 Thread 0x0000000017144800 10260       2       org.jetbrains.kotlin.synthetic.JavaSyntheticPropertiesScope$Companion::possibleGetMethodNames (220 bytes)

GC Heap History (10 events):
Event: 6.583 GC heap before
{Heap before GC invocations=9 (full 2):
 PSYoungGen      total 95232K, used 78336K [0x00000000d5d80000, 0x00000000de800000, 0x0000000100000000)
  eden space 78336K, 100% used [0x00000000d5d80000,0x00000000daa00000,0x00000000daa00000)
  from space 16896K, 0% used [0x00000000dba00000,0x00000000dba00000,0x00000000dca80000)
  to   space 16384K, 0% used [0x00000000daa00000,0x00000000daa00000,0x00000000dba00000)
 ParOldGen       total 105984K, used 17570K [0x0000000081800000, 0x0000000087f80000, 0x00000000d5d80000)
  object space 105984K, 16% used [0x0000000081800000,0x0000000082928830,0x0000000087f80000)
 Metaspace       used 42389K, capacity 43072K, committed 43520K, reserved 1087488K
  class space    used 5371K, capacity 5528K, committed 5632K, reserved 1048576K
Event: 6.603 GC heap after
Heap after GC invocations=9 (full 2):
 PSYoungGen      total 94720K, used 16366K [0x00000000d5d80000, 0x00000000def80000, 0x0000000100000000)
  eden space 78336K, 0% used [0x00000000d5d80000,0x00000000d5d80000,0x00000000daa00000)
  from space 16384K, 99% used [0x00000000daa00000,0x00000000db9fb890,0x00000000dba00000)
  to   space 18432K, 0% used [0x00000000ddd80000,0x00000000ddd80000,0x00000000def80000)
 ParOldGen       total 105984K, used 17646K [0x0000000081800000, 0x0000000087f80000, 0x00000000d5d80000)
  object space 105984K, 16% used [0x0000000081800000,0x000000008293bac0,0x0000000087f80000)
 Metaspace       used 42389K, capacity 43072K, committed 43520K, reserved 1087488K
  class space    used 5371K, capacity 5528K, committed 5632K, reserved 1048576K
}
Event: 8.957 GC heap before
{Heap before GC invocations=10 (full 2):
 PSYoungGen      total 94720K, used 94702K [0x00000000d5d80000, 0x00000000def80000, 0x0000000100000000)
  eden space 78336K, 100% used [0x00000000d5d80000,0x00000000daa00000,0x00000000daa00000)
  from space 16384K, 99% used [0x00000000daa00000,0x00000000db9fb890,0x00000000dba00000)
  to   space 18432K, 0% used [0x00000000ddd80000,0x00000000ddd80000,0x00000000def80000)
 ParOldGen       total 105984K, used 17646K [0x0000000081800000, 0x0000000087f80000, 0x00000000d5d80000)
  object space 105984K, 16% used [0x0000000081800000,0x000000008293bac0,0x0000000087f80000)
 Metaspace       used 47367K, capacity 48262K, committed 48512K, reserved 1091584K
  class space    used 5976K, capacity 6199K, committed 6272K, reserved 1048576K
Event: 9.003 GC heap after
Heap after GC invocations=10 (full 2):
 PSYoungGen      total 125440K, used 18408K [0x00000000d5d80000, 0x00000000df800000, 0x0000000100000000)
  eden space 107008K, 0% used [0x00000000d5d80000,0x00000000d5d80000,0x00000000dc600000)
  from space 18432K, 99% used [0x00000000ddd80000,0x00000000def7a0e0,0x00000000def80000)
  to   space 24064K, 0% used [0x00000000dc600000,0x00000000dc600000,0x00000000ddd80000)
 ParOldGen       total 105984K, used 24430K [0x0000000081800000, 0x0000000087f80000, 0x00000000d5d80000)
  object space 105984K, 23% used [0x0000000081800000,0x0000000082fdb8f0,0x0000000087f80000)
 Metaspace       used 47367K, capacity 48262K, committed 48512K, reserved 1091584K
  class space    used 5976K, capacity 6199K, committed 6272K, reserved 1048576K
}
Event: 10.639 GC heap before
{Heap before GC invocations=11 (full 2):
 PSYoungGen      total 125440K, used 125416K [0x00000000d5d80000, 0x00000000df800000, 0x0000000100000000)
  eden space 107008K, 100% used [0x00000000d5d80000,0x00000000dc600000,0x00000000dc600000)
  from space 18432K, 99% used [0x00000000ddd80000,0x00000000def7a0e0,0x00000000def80000)
  to   space 24064K, 0% used [0x00000000dc600000,0x00000000dc600000,0x00000000ddd80000)
 ParOldGen       total 105984K, used 24430K [0x0000000081800000, 0x0000000087f80000, 0x00000000d5d80000)
  object space 105984K, 23% used [0x0000000081800000,0x0000000082fdb8f0,0x0000000087f80000)
 Metaspace       used 49746K, capacity 50748K, committed 51072K, reserved 1093632K
  class space    used 6253K, capacity 6508K, committed 6528K, reserved 1048576K
Event: 10.700 GC heap after
Heap after GC invocations=11 (full 2):
 PSYoungGen      total 131072K, used 24041K [0x00000000d5d80000, 0x00000000df800000, 0x0000000100000000)
  eden space 107008K, 0% used [0x00000000d5d80000,0x00000000d5d80000,0x00000000dc600000)
  from space 24064K, 99% used [0x00000000dc600000,0x00000000ddd7a7b0,0x00000000ddd80000)
  to   space 18432K, 0% used [0x00000000ddd80000,0x00000000ddd80000,0x00000000def80000)
 ParOldGen       total 105984K, used 33432K [0x0000000081800000, 0x0000000087f80000, 0x00000000d5d80000)
  object space 105984K, 31% used [0x0000000081800000,0x00000000838a6290,0x0000000087f80000)
 Metaspace       used 49746K, capacity 50748K, committed 51072K, reserved 1093632K
  class space    used 6253K, capacity 6508K, committed 6528K, reserved 1048576K
}
Event: 13.852 GC heap before
{Heap before GC invocations=12 (full 2):
 PSYoungGen      total 131072K, used 131049K [0x00000000d5d80000, 0x00000000df800000, 0x0000000100000000)
  eden space 107008K, 100% used [0x00000000d5d80000,0x00000000dc600000,0x00000000dc600000)
  from space 24064K, 99% used [0x00000000dc600000,0x00000000ddd7a7b0,0x00000000ddd80000)
  to   space 18432K, 0% used [0x00000000ddd80000,0x00000000ddd80000,0x00000000def80000)
 ParOldGen       total 105984K, used 33432K [0x0000000081800000, 0x0000000087f80000, 0x00000000d5d80000)
  object space 105984K, 31% used [0x0000000081800000,0x00000000838a6290,0x0000000087f80000)
 Metaspace       used 55562K, capacity 56646K, committed 56960K, reserved 1099776K
  class space    used 6931K, capacity 7179K, committed 7296K, reserved 1048576K
Event: 13.906 GC heap after
Heap after GC invocations=12 (full 2):
 PSYoungGen      total 125440K, used 18431K [0x00000000d5d80000, 0x00000000df800000, 0x0000000100000000)
  eden space 107008K, 0% used [0x00000000d5d80000,0x00000000d5d80000,0x00000000dc600000)
  from space 18432K, 99% used [0x00000000ddd80000,0x00000000def7ff70,0x00000000def80000)
  to   space 24064K, 0% used [0x00000000dc600000,0x00000000dc600000,0x00000000ddd80000)
 ParOldGen       total 105984K, used 51840K [0x0000000081800000, 0x0000000087f80000, 0x00000000d5d80000)
  object space 105984K, 48% used [0x0000000081800000,0x0000000084aa00a8,0x0000000087f80000)
 Metaspace       used 55562K, capacity 56646K, committed 56960K, reserved 1099776K
  class space    used 6931K, capacity 7179K, committed 7296K, reserved 1048576K
}
Event: 17.050 GC heap before
{Heap before GC invocations=13 (full 2):
 PSYoungGen      total 125440K, used 125439K [0x00000000d5d80000, 0x00000000df800000, 0x0000000100000000)
  eden space 107008K, 100% used [0x00000000d5d80000,0x00000000dc600000,0x00000000dc600000)
  from space 18432K, 99% used [0x00000000ddd80000,0x00000000def7ff70,0x00000000def80000)
  to   space 24064K, 0% used [0x00000000dc600000,0x00000000dc600000,0x00000000ddd80000)
 ParOldGen       total 105984K, used 51840K [0x0000000081800000, 0x0000000087f80000, 0x00000000d5d80000)
  object space 105984K, 48% used [0x0000000081800000,0x0000000084aa00a8,0x0000000087f80000)
 Metaspace       used 56862K, capacity 58086K, committed 58368K, reserved 1099776K
  class space    used 7017K, capacity 7337K, committed 7424K, reserved 1048576K
Event: 17.094 GC heap after
Heap after GC invocations=13 (full 2):
 PSYoungGen      total 131072K, used 13198K [0x00000000d5d80000, 0x00000000df800000, 0x0000000100000000)
  eden space 107008K, 0% used [0x00000000d5d80000,0x00000000d5d80000,0x00000000dc600000)
  from space 24064K, 54% used [0x00000000dc600000,0x00000000dd2e39c8,0x00000000ddd80000)
  to   space 18432K, 0% used [0x00000000ddd80000,0x00000000ddd80000,0x00000000def80000)
 ParOldGen       total 105984K, used 65483K [0x0000000081800000, 0x0000000087f80000, 0x00000000d5d80000)
  object space 105984K, 61% used [0x0000000081800000,0x00000000857f2ef8,0x0000000087f80000)
 Metaspace       used 56862K, capacity 58086K, committed 58368K, reserved 1099776K
  class space    used 7017K, capacity 7337K, committed 7424K, reserved 1048576K
}

Deoptimization events (10 events):
Event: 17.143 Thread 0x00000000026be000 Uncommon trap: reason=bimorphic action=maybe_recompile pc=0x0000000003e10218 method=org.jetbrains.kotlin.types.FlexibleTypeImpl.substitutionResult(Lorg/jetbrains/kotlin/types/KotlinType;)Lorg/jetbrains/kotlin/types/KotlinType; @ 7
Event: 17.277 Thread 0x00000000026be000 Uncommon trap: reason=bimorphic action=maybe_recompile pc=0x00000000029a538c method=org.jetbrains.kotlin.com.google.common.collect.AbstractMapBasedMultimap$WrappedCollection.size()I @ 8
Event: 17.297 Thread 0x00000000026be000 Uncommon trap: reason=speculate_class_check action=maybe_recompile pc=0x000000000412113c method=org.jetbrains.kotlin.types.TypeWithEnhancementKt.getEnhancement(Lorg/jetbrains/kotlin/types/KotlinType;)Lorg/jetbrains/kotlin/types/KotlinType; @ 9
Event: 17.297 Thread 0x00000000026be000 Uncommon trap: reason=speculate_class_check action=maybe_recompile pc=0x000000000412113c method=org.jetbrains.kotlin.types.TypeWithEnhancementKt.getEnhancement(Lorg/jetbrains/kotlin/types/KotlinType;)Lorg/jetbrains/kotlin/types/KotlinType; @ 9
Event: 17.297 Thread 0x00000000026be000 Uncommon trap: reason=speculate_class_check action=maybe_recompile pc=0x000000000412113c method=org.jetbrains.kotlin.types.TypeWithEnhancementKt.getEnhancement(Lorg/jetbrains/kotlin/types/KotlinType;)Lorg/jetbrains/kotlin/types/KotlinType; @ 9
Event: 17.299 Thread 0x00000000026be000 Uncommon trap: reason=speculate_class_check action=maybe_recompile pc=0x000000000412113c method=org.jetbrains.kotlin.types.TypeWithEnhancementKt.getEnhancement(Lorg/jetbrains/kotlin/types/KotlinType;)Lorg/jetbrains/kotlin/types/KotlinType; @ 9
Event: 17.455 Thread 0x00000000026be000 Uncommon trap: reason=class_check action=maybe_recompile pc=0x0000000003fad928 method=org.jetbrains.kotlin.serialization.deserialization.descriptors.DeserializedMemberScope.getContributedVariables(Lorg/jetbrains/kotlin/name/Name;Lorg/jetbrains/kotlin/incr
Event: 17.457 Thread 0x00000000026be000 Uncommon trap: reason=class_check action=maybe_recompile pc=0x0000000003fad928 method=org.jetbrains.kotlin.serialization.deserialization.descriptors.DeserializedMemberScope.getContributedVariables(Lorg/jetbrains/kotlin/name/Name;Lorg/jetbrains/kotlin/incr
Event: 17.583 Thread 0x00000000026be000 Uncommon trap: reason=bimorphic action=maybe_recompile pc=0x00000000029a538c method=org.jetbrains.kotlin.com.google.common.collect.AbstractMapBasedMultimap$WrappedCollection.size()I @ 8
Event: 17.628 Thread 0x00000000026be000 Uncommon trap: reason=bimorphic action=maybe_recompile pc=0x0000000003f9234c method=kotlin.collections.CollectionsKt___CollectionsKt.toSet(Ljava/lang/Iterable;)Ljava/util/Set; @ 96

Classes redefined (0 events):
No events

Internal exceptions (10 events):
Event: 11.720 Thread 0x00000000026be000 Implicit null exception at 0x0000000002aa9956 to 0x0000000002aa9ce9
Event: 11.748 Thread 0x00000000026be000 Exception <a 'java/lang/IncompatibleClassChangeError': Found class java.lang.Object, but interface was expected> (0x00000000d90304e8) thrown at [C:\re\workspace\8-2-build-windows-amd64-cygwin\jdk8u162\10278\hotspot\src\share\vm\interpreter\linkResolver.cp
Event: 11.754 Thread 0x00000000026be000 Implicit null exception at 0x00000000029f36d6 to 0x00000000029f3a69
Event: 12.265 Thread 0x00000000026be000 Implicit null exception at 0x0000000003192829 to 0x0000000003192ce9
Event: 12.767 Thread 0x00000000026be000 Exception <a 'java/lang/IncompatibleClassChangeError': Found class java.lang.Object, but interface was expected> (0x00000000da39d3a8) thrown at [C:\re\workspace\8-2-build-windows-amd64-cygwin\jdk8u162\10278\hotspot\src\share\vm\interpreter\linkResolver.cp
Event: 12.942 Thread 0x00000000026be000 Exception <a 'java/lang/NoSuchMethodError': java.lang.Object.lambda$comparing$ea9a8b3a$1(Ljava/util/Comparator;Ljava/util/function/Function;Ljava/lang/Object;Ljava/lang/Object;)I> (0x00000000da869530) thrown at [C:\re\workspace\8-2-build-windows-amd64-cyg
Event: 12.946 Thread 0x00000000026be000 Exception <a 'java/lang/NoSuchMethodError': java.lang.Object.lambda$thenComparing$36697e65$1(Ljava/util/Comparator;Ljava/lang/Object;Ljava/lang/Object;)I> (0x00000000da8719c0) thrown at [C:\re\workspace\8-2-build-windows-amd64-cygwin\jdk8u162\10278\hotspo
Event: 12.952 Thread 0x00000000026be000 Exception <a 'java/lang/NoSuchMethodError': java.lang.Object.lambda$static$0(I)I> (0x00000000da884f88) thrown at [C:\re\workspace\8-2-build-windows-amd64-cygwin\jdk8u162\10278\hotspot\src\share\vm\interpreter\linkResolver.cpp, line 620]
Event: 15.521 Thread 0x00000000026be000 Implicit null exception at 0x00000000039acb4f to 0x00000000039adb69
Event: 16.864 Thread 0x00000000026be000 Implicit null exception at 0x00000000040d1201 to 0x00000000040d28b9

Events (10 events):
Event: 17.583 Thread 0x00000000026be000 Uncommon trap: trap_request=0xffffffc6 fr.pc=0x00000000029a538c
Event: 17.583 Thread 0x00000000026be000 DEOPT PACKING pc=0x00000000029a538c sp=0x000000000266b670
Event: 17.583 Thread 0x00000000026be000 DEOPT UNPACKING pc=0x000000000280583b sp=0x000000000266b638 mode 2
Event: 17.628 Thread 0x00000000026be000 Uncommon trap: trap_request=0xffffffc6 fr.pc=0x0000000003f9234c
Event: 17.628 Thread 0x00000000026be000 DEOPT PACKING pc=0x0000000003f9234c sp=0x000000000266b5b0
Event: 17.628 Thread 0x00000000026be000 DEOPT UNPACKING pc=0x000000000280583b sp=0x000000000266b558 mode 2
Event: 17.860 Thread 0x00000000026be000 DEOPT PACKING pc=0x0000000002d65a76 sp=0x000000000266b1b0
Event: 17.860 Thread 0x00000000026be000 DEOPT UNPACKING pc=0x0000000002807490 sp=0x000000000266aec0 mode 0
Event: 17.862 Executing VM operation: ForceSafepoint
Event: 17.862 Executing VM operation: ForceSafepoint done


Dynamic libraries:
0x00007ff6abb20000 - 0x00007ff6abb57000 	D:\jdk1.8\jdk1.8\jre\bin\java.exe
0x00007ffa03ab0000 - 0x00007ffa03ca5000 	C:\windows\SYSTEM32\ntdll.dll
0x00007ffa02cb0000 - 0x00007ffa02d6d000 	C:\windows\System32\KERNEL32.DLL
0x00007ffa01740000 - 0x00007ffa01a07000 	C:\windows\System32\KERNELBASE.dll
0x00007ffa03040000 - 0x00007ffa030ea000 	C:\windows\System32\ADVAPI32.dll
0x00007ffa039d0000 - 0x00007ffa03a6e000 	C:\windows\System32\msvcrt.dll
0x00007ffa01c60000 - 0x00007ffa01cfb000 	C:\windows\System32\sechost.dll
0x00007ffa022c0000 - 0x00007ffa023e3000 	C:\windows\System32\RPCRT4.dll
0x00007ffa02e20000 - 0x00007ffa02fc0000 	C:\windows\System32\USER32.dll
0x00007ffa01300000 - 0x00007ffa01322000 	C:\windows\System32\win32u.dll
0x00007ffa02200000 - 0x00007ffa0222a000 	C:\windows\System32\GDI32.dll
0x00007ffa01600000 - 0x00007ffa0170a000 	C:\windows\System32\gdi32full.dll
0x00007ffa01510000 - 0x00007ffa015ad000 	C:\windows\System32\msvcp_win.dll
0x00007ffa01200000 - 0x00007ffa01300000 	C:\windows\System32\ucrtbase.dll
0x00007ff9eb3a0000 - 0x00007ff9eb63a000 	C:\windows\WinSxS\amd64_microsoft.windows.common-controls_6595b64144ccf1df_6.0.19041.1_none_b555e41d4684ddec\COMCTL32.dll
0x00007ffa02290000 - 0x00007ffa022c0000 	C:\windows\System32\IMM32.DLL
0x000000005f260000 - 0x000000005f331000 	D:\jdk1.8\jdk1.8\jre\bin\msvcr100.dll
0x000000005e9c0000 - 0x000000005f260000 	D:\jdk1.8\jdk1.8\jre\bin\server\jvm.dll
0x00007ffa01b40000 - 0x00007ffa01b48000 	C:\windows\System32\PSAPI.DLL
0x00007ff9fea40000 - 0x00007ff9fea49000 	C:\windows\SYSTEM32\WSOCK32.dll
0x00007ffa02190000 - 0x00007ffa021fb000 	C:\windows\System32\WS2_32.dll
0x00007ff9f6e10000 - 0x00007ff9f6e37000 	C:\windows\SYSTEM32\WINMM.dll
0x00007ff9f8760000 - 0x00007ff9f876a000 	C:\windows\SYSTEM32\VERSION.dll
0x000000005e9b0000 - 0x000000005e9bf000 	D:\jdk1.8\jdk1.8\jre\bin\verify.dll
0x000000005e980000 - 0x000000005e9a9000 	D:\jdk1.8\jdk1.8\jre\bin\java.dll
0x000000005e960000 - 0x000000005e976000 	D:\jdk1.8\jdk1.8\jre\bin\zip.dll
0x00007ffa023f0000 - 0x00007ffa02b30000 	C:\windows\System32\SHELL32.dll
0x00007ff9ff3a0000 - 0x00007ff9ffb31000 	C:\windows\SYSTEM32\windows.storage.dll
0x00007ffa01e30000 - 0x00007ffa02183000 	C:\windows\System32\combase.dll
0x00007ffa00bb0000 - 0x00007ffa00bdc000 	C:\windows\SYSTEM32\Wldp.dll
0x00007ffa01b50000 - 0x00007ffa01bfe000 	C:\windows\System32\SHCORE.dll
0x00007ffa01dd0000 - 0x00007ffa01e25000 	C:\windows\System32\shlwapi.dll
0x00007ffa01140000 - 0x00007ffa0115f000 	C:\windows\SYSTEM32\profapi.dll
0x000000005e940000 - 0x000000005e95a000 	D:\jdk1.8\jdk1.8\jre\bin\net.dll
0x00007ffa00930000 - 0x00007ffa0099a000 	C:\windows\system32\mswsock.dll
0x000000005e920000 - 0x000000005e931000 	D:\jdk1.8\jdk1.8\jre\bin\nio.dll

VM Arguments:
java_command: org.jetbrains.kotlin.cli.jvm.K2JVMCompiler -Xallow-no-source-files -classpath F:\WorkSpace\smartEnjoy\app\build\intermediates\compile_and_runtime_not_namespaced_r_class_jar\debug\R.jar;F:\WorkSpace\smartEnjoy\lib\build\intermediates\compile_library_classes_jar\debug\classes.jar;C:\Users\Administrator\.gradle\caches\transforms-2\files-2.1\d8100e3df20d082d19b444a188ac1799\multidex-1.0.3-api.jar;C:\Users\Administrator\.gradle\caches\modules-2\files-2.1\org.jetbrains.kotlin\kotlin-android-extensions-runtime\1.3.72\83423235971335be77d2ea025008bc9959738ffc\kotlin-android-extensions-runtime-1.3.72.jar;C:\Users\Administrator\.gradle\caches\modules-2\files-2.1\org.jetbrains.kotlin\kotlin-stdlib-jdk7\1.3.72\3adfc2f4ea4243e01204be8081fe63bde6b12815\kotlin-stdlib-jdk7-1.3.72.jar;C:\Users\Administrator\.gradle\caches\transforms-2\files-2.1\de8777cf7d4866cb26be7ff608849ceb\anko-commons-0.10.7-api.jar;C:\Users\Administrator\.gradle\caches\transforms-2\files-2.1\8121fe2e0f1c270797ae1eef136b36cd\commons-base-0.10.7-api.jar;C:\Users\Administrator\.gradle\caches\modules-2\files-2.1\org.jetbrains.kotlin\kotlin-stdlib\1.3.72\8032138f12c0180bc4e51fe139d4c52b46db6109\kotlin-stdlib-1.3.72.jar;C:\Users\Administrator\.gradle\caches\modules-2\files-2.1\org.jetbrains.kotlin\kotlin-stdlib-common\1.3.72\6ca8bee3d88957eaaaef077c41c908c9940492d8\kotlin-stdlib-common-1.3.72.jar;C:\Users\Administrator\.gradle\caches\modules-2\files-2.1\org.jetbrains\annotations\13.0\919f0dfe192fb4e063e7dacadee7f8bb9a2672a9\annotations-13.0.jar;C:\Users\Administrator\.gradle\caches\transforms-2\files-2.1\41b27cc20fdbe99508a215073ebf5582\citypickerview-5.2.2-api.jar;C:\Users\Administrator\.gradle\caches\transforms-2\files-2.1\353e3108c6f54254ebc71d0078a9be21\constraint-layout-2.0.1-api.jar;C:\Users\Administrator\.gradle\caches\transforms-2\files-2.1\98406b9c4d8cd6468982821687053a1f\design-28.0.0-api.jar;C:\Users\Administrator\.gradle\caches\transforms-2\files-2.1\492469529561df479dae6c04b0622ba9\rxlife
java_class_path (initial): C:\Users\Administrator\.gradle\caches\modules-2\files-2.1\org.jetbrains.kotlin\kotlin-compiler-embeddable\1.3.72\fb72232c8fa977d5e07d33c43381ddbdc5edab6\kotlin-compiler-embeddable-1.3.72.jar;C:\Users\Administrator\.gradle\caches\modules-2\files-2.1\org.jetbrains.kotlin\kotlin-reflect\1.3.72\86613e1a669a701b0c660bfd2af4f82a7ae11fca\kotlin-reflect-1.3.72.jar;C:\Users\Administrator\.gradle\caches\modules-2\files-2.1\org.jetbrains.kotlin\kotlin-stdlib\1.3.72\8032138f12c0180bc4e51fe139d4c52b46db6109\kotlin-stdlib-1.3.72.jar;C:\Users\Administrator\.gradle\caches\modules-2\files-2.1\org.jetbrains.kotlin\kotlin-script-runtime\1.3.72\657d8d34d91e1964b4439378c09933e840bfe8d5\kotlin-script-runtime-1.3.72.jar;C:\Users\Administrator\.gradle\caches\modules-2\files-2.1\org.jetbrains.kotlin\kotlin-daemon-embeddable\1.3.72\53bbaa2816dbf6bdb85f629451b1fcc88f2164d2\kotlin-daemon-embeddable-1.3.72.jar;C:\Users\Administrator\.gradle\caches\modules-2\files-2.1\org.jetbrains.intellij.deps\trove4j\1.0.20181211\216c2e14b070f334479d800987affe4054cd563f\trove4j-1.0.20181211.jar;C:\Users\Administrator\.gradle\caches\modules-2\files-2.1\org.jetbrains.kotlin\kotlin-stdlib-common\1.3.72\6ca8bee3d88957eaaaef077c41c908c9940492d8\kotlin-stdlib-common-1.3.72.jar;C:\Users\Administrator\.gradle\caches\modules-2\files-2.1\org.jetbrains\annotations\13.0\919f0dfe192fb4e063e7dacadee7f8bb9a2672a9\annotations-13.0.jar;D:\jdk1.8\jdk1.8\lib\tools.jar
Launcher Type: SUN_STANDARD

Environment Variables:
JAVA_HOME=D:\jdk1.8\jdk1.8
PATH=C:\windows\system32;C:\windows;C:\windows\System32\Wbem;C:\windows\System32\WindowsPowerShell\v1.0\;C:\windows\System32\OpenSSH\;D:\git\Git\cmd;D:\jdk1.8\jdk1.8\bin;C:\Users\Administrator\AppData\Local\Microsoft\WindowsApps;
USERNAME=Administrator
OS=Windows_NT
PROCESSOR_IDENTIFIER=Intel64 Family 6 Model 58 Stepping 9, GenuineIntel



---------------  S Y S T E M  ---------------

OS: Windows 10.0 , 64 bit Build 19041 (10.0.19041.292)

CPU:total 2 (initial active 2) (2 cores per cpu, 1 threads per core) family 6 model 58 stepping 9, cmov, cx8, fxsr, mmx, sse, sse2, sse3, ssse3, sse4.1, sse4.2, popcnt, clmul, erms, tsc, tscinvbit, tscinv

Memory: 4k page, physical 8283016k(1485048k free), swap 14837532k(5152k free)

vm_info: Java HotSpot(TM) 64-Bit Server VM (25.162-b12) for windows-amd64 JRE (1.8.0_162-b12), built on Dec 19 2017 20:00:03 by "java_re" with MS VC++ 10.0 (VS2010)

time: Thu Sep 17 09:08:50 2020
elapsed time: 17 seconds (0d 0h 0m 17s)

